#
# There is insufficient memory for the Java Runtime Environment to continue.
# Native memory allocation (malloc) failed to allocate 177952 bytes for Chunk::new
# Possible reasons:
#   The system is out of physical RAM or swap space
#   The process is running with CompressedOops enabled, and the Java Heap may be blocking the growth of the native heap
# Possible solutions:
#   Reduce memory load on the system
#   Increase physical memory or swap space
#   Check if swap backing store is full
#   Decrease Java heap size (-Xmx/-Xms)
#   Decrease number of Java threads
#   Decrease Java thread stack sizes (-Xss)
#   Set larger code cache with -XX:ReservedCodeCacheSize=
#   JVM is running with Zero Based Compressed Oops mode in which the Java heap is
#     placed in the first 32GB address space. The Java Heap base address is the
#     maximum limit for the native heap growth. Please use -XX:HeapBaseMinAddress
#     to set the Java Heap base and to place the Java Heap above 32GB virtual address.
# This output file may be truncated or incomplete.
#
#  Out of Memory Error (arena.cpp:191), pid=5472, tid=18600
#
# JRE version: OpenJDK Runtime Environment JBR-17.0.10+1-1087.17-jcef (17.0.10+1) (build 17.0.10+1-b1087.17)
# Java VM: OpenJDK 64-Bit Server VM JBR-17.0.10+1-1087.17-jcef (17.0.10+1-b1087.17, mixed mode, tiered, compressed oops, compressed class ptrs, g1 gc, windows-amd64)
# No core dump will be written. Minidumps are not enabled by default on client versions of Windows
#

---------------  S U M M A R Y ------------

Command Line: git4idea.http.GitAskPassApp Password for 'https://Nizar-Rasyiid@github.com': 

Host: Intel(R) Core(TM) i5-8265U CPU @ 1.60GHz, 8 cores, 11G,  Windows 11 , 64 bit Build 22621 (10.0.22621.4391)
Time: Sun Dec 22 23:18:55 2024 SE Asia Standard Time elapsed time: 0.694439 seconds (0d 0h 0m 0s)

---------------  T H R E A D  ---------------

Current thread (0x000001ada1412c00):  JavaThread "C2 CompilerThread0" daemon [_thread_in_native, id=18600, stack(0x000000240aa00000,0x000000240ab00000)]


Current CompileTask:
C2:    694  375       4       java.util.HashMap::putVal (300 bytes)

Stack: [0x000000240aa00000,0x000000240ab00000]
Native frames: (J=compiled Java code, j=interpreted, Vv=VM code, C=native code)
V  [jvm.dll+0x688ac9]
V  [jvm.dll+0x84220a]
V  [jvm.dll+0x843e4e]
V  [jvm.dll+0x8444b3]
V  [jvm.dll+0x24ba8f]
V  [jvm.dll+0xac524]
V  [jvm.dll+0xacb6c]
V  [jvm.dll+0x36b9c7]
V  [jvm.dll+0x335dba]
V  [jvm.dll+0x33525a]
V  [jvm.dll+0x21d751]
V  [jvm.dll+0x21cb71]
V  [jvm.dll+0x1a603d]
V  [jvm.dll+0x22ca18]
V  [jvm.dll+0x22ab50]
V  [jvm.dll+0x7f6687]
V  [jvm.dll+0x7f0a8a]
V  [jvm.dll+0x687945]
C  [ucrtbase.dll+0x29333]
C  [KERNEL32.DLL+0x1259d]
C  [ntdll.dll+0x5af38]


---------------  P R O C E S S  ---------------

Threads class SMR info:
_java_thread_list=0x000001ada1572ed0, length=12, elements={
0x000001ad82aed850, 0x000001ada13b6c50, 0x000001ada13b7ad0, 0x000001ada141b4c0,
0x000001ada141bf90, 0x000001ada141cd50, 0x000001ada1410ff0, 0x000001ada1412c00,
0x000001ada1416a10, 0x000001ada142b990, 0x000001ada1588ce0, 0x000001ada159d1c0
}

Java Threads: ( => current thread )
  0x000001ad82aed850 JavaThread "main" [_thread_in_native, id=22448, stack(0x0000002409d00000,0x0000002409e00000)]
  0x000001ada13b6c50 JavaThread "Reference Handler" daemon [_thread_blocked, id=30572, stack(0x000000240a400000,0x000000240a500000)]
  0x000001ada13b7ad0 JavaThread "Finalizer" daemon [_thread_blocked, id=20056, stack(0x000000240a500000,0x000000240a600000)]
  0x000001ada141b4c0 JavaThread "Signal Dispatcher" daemon [_thread_blocked, id=29532, stack(0x000000240a600000,0x000000240a700000)]
  0x000001ada141bf90 JavaThread "Attach Listener" daemon [_thread_blocked, id=14128, stack(0x000000240a700000,0x000000240a800000)]
  0x000001ada141cd50 JavaThread "Service Thread" daemon [_thread_blocked, id=26072, stack(0x000000240a800000,0x000000240a900000)]
  0x000001ada1410ff0 JavaThread "Monitor Deflation Thread" daemon [_thread_blocked, id=12616, stack(0x000000240a900000,0x000000240aa00000)]
=>0x000001ada1412c00 JavaThread "C2 CompilerThread0" daemon [_thread_in_native, id=18600, stack(0x000000240aa00000,0x000000240ab00000)]
  0x000001ada1416a10 JavaThread "C1 CompilerThread0" daemon [_thread_blocked, id=18500, stack(0x000000240ab00000,0x000000240ac00000)]
  0x000001ada142b990 JavaThread "Sweeper thread" daemon [_thread_blocked, id=9584, stack(0x000000240ac00000,0x000000240ad00000)]
  0x000001ada1588ce0 JavaThread "Notification Thread" daemon [_thread_blocked, id=8372, stack(0x000000240ad00000,0x000000240ae00000)]
  0x000001ada159d1c0 JavaThread "Common-Cleaner" daemon [_thread_blocked, id=29920, stack(0x000000240af00000,0x000000240b000000)]

Other Threads:
  0x000001ada13b4020 VMThread "VM Thread" [stack: 0x000000240a300000,0x000000240a400000] [id=27420]
  0x000001ada158b1d0 WatcherThread [stack: 0x000000240ae00000,0x000000240af00000] [id=29072]
  0x000001ad84c772d0 GCTaskThread "GC Thread#0" [stack: 0x0000002409e00000,0x0000002409f00000] [id=22940]
  0x000001ad84c84030 ConcurrentGCThread "G1 Main Marker" [stack: 0x0000002409f00000,0x000000240a000000] [id=22200]
  0x000001ad84c851f0 ConcurrentGCThread "G1 Conc#0" [stack: 0x000000240a000000,0x000000240a100000] [id=4196]
  0x000001ada10e24d0 ConcurrentGCThread "G1 Refine#0" [stack: 0x000000240a100000,0x000000240a200000] [id=28912]
  0x000001ada10e2f00 ConcurrentGCThread "G1 Service" [stack: 0x000000240a200000,0x000000240a300000] [id=20556]

Threads with active compile tasks:
C2 CompilerThread0      723  375       4       java.util.HashMap::putVal (300 bytes)

VM state: not at safepoint (normal execution)

VM Mutex/Monitor currently owned by a thread: None

Heap address: 0x0000000741e00000, size: 3042 MB, Compressed Oops mode: Zero based, Oop shift amount: 3

CDS archive(s) not mapped
Compressed class space mapped at: 0x0000000800000000-0x0000000840000000, reserved size: 1073741824
Narrow klass base: 0x0000000800000000, Narrow klass shift: 0, Narrow klass range: 0x40000000

GC Precious Log:
 CPUs: 8 total, 8 available
 Memory: 12163M
 Large Page Support: Disabled
 NUMA Support: Disabled
 Compressed Oops: Enabled (Zero based)
 Heap Region Size: 2M
 Heap Min Capacity: 8M
 Heap Initial Capacity: 192M
 Heap Max Capacity: 3042M
 Pre-touch: Disabled
 Parallel Workers: 8
 Concurrent Workers: 2
 Concurrent Refinement Workers: 8
 Periodic GC: Disabled

Heap:
 garbage-first heap   total 196608K, used 4096K [0x0000000741e00000, 0x0000000800000000)
  region size 2048K, 3 young (6144K), 0 survivors (0K)
 Metaspace       used 9883K, committed 10048K, reserved 1114112K
  class space    used 929K, committed 1024K, reserved 1048576K

Heap Regions: E=young(eden), S=young(survivor), O=old, HS=humongous(starts), HC=humongous(continues), CS=collection set, F=free, OA=open archive, CA=closed archive, TAMS=top-at-mark-start (previous, next)
|   0|0x0000000741e00000, 0x0000000741e00000, 0x0000000742000000|  0%| F|  |TAMS 0x0000000741e00000, 0x0000000741e00000| Untracked 
|   1|0x0000000742000000, 0x0000000742000000, 0x0000000742200000|  0%| F|  |TAMS 0x0000000742000000, 0x0000000742000000| Untracked 
|   2|0x0000000742200000, 0x0000000742200000, 0x0000000742400000|  0%| F|  |TAMS 0x0000000742200000, 0x0000000742200000| Untracked 
|   3|0x0000000742400000, 0x0000000742400000, 0x0000000742600000|  0%| F|  |TAMS 0x0000000742400000, 0x0000000742400000| Untracked 
|   4|0x0000000742600000, 0x0000000742600000, 0x0000000742800000|  0%| F|  |TAMS 0x0000000742600000, 0x0000000742600000| Untracked 
|   5|0x0000000742800000, 0x0000000742800000, 0x0000000742a00000|  0%| F|  |TAMS 0x0000000742800000, 0x0000000742800000| Untracked 
|   6|0x0000000742a00000, 0x0000000742a00000, 0x0000000742c00000|  0%| F|  |TAMS 0x0000000742a00000, 0x0000000742a00000| Untracked 
|   7|0x0000000742c00000, 0x0000000742c00000, 0x0000000742e00000|  0%| F|  |TAMS 0x0000000742c00000, 0x0000000742c00000| Untracked 
|   8|0x0000000742e00000, 0x0000000742e00000, 0x0000000743000000|  0%| F|  |TAMS 0x0000000742e00000, 0x0000000742e00000| Untracked 
|   9|0x0000000743000000, 0x0000000743000000, 0x0000000743200000|  0%| F|  |TAMS 0x0000000743000000, 0x0000000743000000| Untracked 
|  10|0x0000000743200000, 0x0000000743200000, 0x0000000743400000|  0%| F|  |TAMS 0x0000000743200000, 0x0000000743200000| Untracked 
|  11|0x0000000743400000, 0x0000000743400000, 0x0000000743600000|  0%| F|  |TAMS 0x0000000743400000, 0x0000000743400000| Untracked 
|  12|0x0000000743600000, 0x0000000743600000, 0x0000000743800000|  0%| F|  |TAMS 0x0000000743600000, 0x0000000743600000| Untracked 
|  13|0x0000000743800000, 0x0000000743800000, 0x0000000743a00000|  0%| F|  |TAMS 0x0000000743800000, 0x0000000743800000| Untracked 
|  14|0x0000000743a00000, 0x0000000743a00000, 0x0000000743c00000|  0%| F|  |TAMS 0x0000000743a00000, 0x0000000743a00000| Untracked 
|  15|0x0000000743c00000, 0x0000000743c00000, 0x0000000743e00000|  0%| F|  |TAMS 0x0000000743c00000, 0x0000000743c00000| Untracked 
|  16|0x0000000743e00000, 0x0000000743e00000, 0x0000000744000000|  0%| F|  |TAMS 0x0000000743e00000, 0x0000000743e00000| Untracked 
|  17|0x0000000744000000, 0x0000000744000000, 0x0000000744200000|  0%| F|  |TAMS 0x0000000744000000, 0x0000000744000000| Untracked 
|  18|0x0000000744200000, 0x0000000744200000, 0x0000000744400000|  0%| F|  |TAMS 0x0000000744200000, 0x0000000744200000| Untracked 
|  19|0x0000000744400000, 0x0000000744400000, 0x0000000744600000|  0%| F|  |TAMS 0x0000000744400000, 0x0000000744400000| Untracked 
|  20|0x0000000744600000, 0x0000000744600000, 0x0000000744800000|  0%| F|  |TAMS 0x0000000744600000, 0x0000000744600000| Untracked 
|  21|0x0000000744800000, 0x0000000744800000, 0x0000000744a00000|  0%| F|  |TAMS 0x0000000744800000, 0x0000000744800000| Untracked 
|  22|0x0000000744a00000, 0x0000000744a00000, 0x0000000744c00000|  0%| F|  |TAMS 0x0000000744a00000, 0x0000000744a00000| Untracked 
|  23|0x0000000744c00000, 0x0000000744c00000, 0x0000000744e00000|  0%| F|  |TAMS 0x0000000744c00000, 0x0000000744c00000| Untracked 
|  24|0x0000000744e00000, 0x0000000744e00000, 0x0000000745000000|  0%| F|  |TAMS 0x0000000744e00000, 0x0000000744e00000| Untracked 
|  25|0x0000000745000000, 0x0000000745000000, 0x0000000745200000|  0%| F|  |TAMS 0x0000000745000000, 0x0000000745000000| Untracked 
|  26|0x0000000745200000, 0x0000000745200000, 0x0000000745400000|  0%| F|  |TAMS 0x0000000745200000, 0x0000000745200000| Untracked 
|  27|0x0000000745400000, 0x0000000745400000, 0x0000000745600000|  0%| F|  |TAMS 0x0000000745400000, 0x0000000745400000| Untracked 
|  28|0x0000000745600000, 0x0000000745600000, 0x0000000745800000|  0%| F|  |TAMS 0x0000000745600000, 0x0000000745600000| Untracked 
|  29|0x0000000745800000, 0x0000000745800000, 0x0000000745a00000|  0%| F|  |TAMS 0x0000000745800000, 0x0000000745800000| Untracked 
|  30|0x0000000745a00000, 0x0000000745a00000, 0x0000000745c00000|  0%| F|  |TAMS 0x0000000745a00000, 0x0000000745a00000| Untracked 
|  31|0x0000000745c00000, 0x0000000745c00000, 0x0000000745e00000|  0%| F|  |TAMS 0x0000000745c00000, 0x0000000745c00000| Untracked 
|  32|0x0000000745e00000, 0x0000000745e00000, 0x0000000746000000|  0%| F|  |TAMS 0x0000000745e00000, 0x0000000745e00000| Untracked 
|  33|0x0000000746000000, 0x0000000746000000, 0x0000000746200000|  0%| F|  |TAMS 0x0000000746000000, 0x0000000746000000| Untracked 
|  34|0x0000000746200000, 0x0000000746200000, 0x0000000746400000|  0%| F|  |TAMS 0x0000000746200000, 0x0000000746200000| Untracked 
|  35|0x0000000746400000, 0x0000000746400000, 0x0000000746600000|  0%| F|  |TAMS 0x0000000746400000, 0x0000000746400000| Untracked 
|  36|0x0000000746600000, 0x0000000746600000, 0x0000000746800000|  0%| F|  |TAMS 0x0000000746600000, 0x0000000746600000| Untracked 
|  37|0x0000000746800000, 0x0000000746800000, 0x0000000746a00000|  0%| F|  |TAMS 0x0000000746800000, 0x0000000746800000| Untracked 
|  38|0x0000000746a00000, 0x0000000746a00000, 0x0000000746c00000|  0%| F|  |TAMS 0x0000000746a00000, 0x0000000746a00000| Untracked 
|  39|0x0000000746c00000, 0x0000000746c00000, 0x0000000746e00000|  0%| F|  |TAMS 0x0000000746c00000, 0x0000000746c00000| Untracked 
|  40|0x0000000746e00000, 0x0000000746e00000, 0x0000000747000000|  0%| F|  |TAMS 0x0000000746e00000, 0x0000000746e00000| Untracked 
|  41|0x0000000747000000, 0x0000000747000000, 0x0000000747200000|  0%| F|  |TAMS 0x0000000747000000, 0x0000000747000000| Untracked 
|  42|0x0000000747200000, 0x0000000747200000, 0x0000000747400000|  0%| F|  |TAMS 0x0000000747200000, 0x0000000747200000| Untracked 
|  43|0x0000000747400000, 0x0000000747400000, 0x0000000747600000|  0%| F|  |TAMS 0x0000000747400000, 0x0000000747400000| Untracked 
|  44|0x0000000747600000, 0x0000000747600000, 0x0000000747800000|  0%| F|  |TAMS 0x0000000747600000, 0x0000000747600000| Untracked 
|  45|0x0000000747800000, 0x0000000747800000, 0x0000000747a00000|  0%| F|  |TAMS 0x0000000747800000, 0x0000000747800000| Untracked 
|  46|0x0000000747a00000, 0x0000000747a00000, 0x0000000747c00000|  0%| F|  |TAMS 0x0000000747a00000, 0x0000000747a00000| Untracked 
|  47|0x0000000747c00000, 0x0000000747c00000, 0x0000000747e00000|  0%| F|  |TAMS 0x0000000747c00000, 0x0000000747c00000| Untracked 
|  48|0x0000000747e00000, 0x0000000747e00000, 0x0000000748000000|  0%| F|  |TAMS 0x0000000747e00000, 0x0000000747e00000| Untracked 
|  49|0x0000000748000000, 0x0000000748000000, 0x0000000748200000|  0%| F|  |TAMS 0x0000000748000000, 0x0000000748000000| Untracked 
|  50|0x0000000748200000, 0x0000000748200000, 0x0000000748400000|  0%| F|  |TAMS 0x0000000748200000, 0x0000000748200000| Untracked 
|  51|0x0000000748400000, 0x0000000748400000, 0x0000000748600000|  0%| F|  |TAMS 0x0000000748400000, 0x0000000748400000| Untracked 
|  52|0x0000000748600000, 0x0000000748600000, 0x0000000748800000|  0%| F|  |TAMS 0x0000000748600000, 0x0000000748600000| Untracked 
|  53|0x0000000748800000, 0x0000000748800000, 0x0000000748a00000|  0%| F|  |TAMS 0x0000000748800000, 0x0000000748800000| Untracked 
|  54|0x0000000748a00000, 0x0000000748a00000, 0x0000000748c00000|  0%| F|  |TAMS 0x0000000748a00000, 0x0000000748a00000| Untracked 
|  55|0x0000000748c00000, 0x0000000748c00000, 0x0000000748e00000|  0%| F|  |TAMS 0x0000000748c00000, 0x0000000748c00000| Untracked 
|  56|0x0000000748e00000, 0x0000000748e00000, 0x0000000749000000|  0%| F|  |TAMS 0x0000000748e00000, 0x0000000748e00000| Untracked 
|  57|0x0000000749000000, 0x0000000749000000, 0x0000000749200000|  0%| F|  |TAMS 0x0000000749000000, 0x0000000749000000| Untracked 
|  58|0x0000000749200000, 0x0000000749200000, 0x0000000749400000|  0%| F|  |TAMS 0x0000000749200000, 0x0000000749200000| Untracked 
|  59|0x0000000749400000, 0x0000000749400000, 0x0000000749600000|  0%| F|  |TAMS 0x0000000749400000, 0x0000000749400000| Untracked 
|  60|0x0000000749600000, 0x0000000749600000, 0x0000000749800000|  0%| F|  |TAMS 0x0000000749600000, 0x0000000749600000| Untracked 
|  61|0x0000000749800000, 0x0000000749800000, 0x0000000749a00000|  0%| F|  |TAMS 0x0000000749800000, 0x0000000749800000| Untracked 
|  62|0x0000000749a00000, 0x0000000749a00000, 0x0000000749c00000|  0%| F|  |TAMS 0x0000000749a00000, 0x0000000749a00000| Untracked 
|  63|0x0000000749c00000, 0x0000000749c00000, 0x0000000749e00000|  0%| F|  |TAMS 0x0000000749c00000, 0x0000000749c00000| Untracked 
|  64|0x0000000749e00000, 0x0000000749e00000, 0x000000074a000000|  0%| F|  |TAMS 0x0000000749e00000, 0x0000000749e00000| Untracked 
|  65|0x000000074a000000, 0x000000074a000000, 0x000000074a200000|  0%| F|  |TAMS 0x000000074a000000, 0x000000074a000000| Untracked 
|  66|0x000000074a200000, 0x000000074a200000, 0x000000074a400000|  0%| F|  |TAMS 0x000000074a200000, 0x000000074a200000| Untracked 
|  67|0x000000074a400000, 0x000000074a400000, 0x000000074a600000|  0%| F|  |TAMS 0x000000074a400000, 0x000000074a400000| Untracked 
|  68|0x000000074a600000, 0x000000074a600000, 0x000000074a800000|  0%| F|  |TAMS 0x000000074a600000, 0x000000074a600000| Untracked 
|  69|0x000000074a800000, 0x000000074a800000, 0x000000074aa00000|  0%| F|  |TAMS 0x000000074a800000, 0x000000074a800000| Untracked 
|  70|0x000000074aa00000, 0x000000074aa00000, 0x000000074ac00000|  0%| F|  |TAMS 0x000000074aa00000, 0x000000074aa00000| Untracked 
|  71|0x000000074ac00000, 0x000000074ac00000, 0x000000074ae00000|  0%| F|  |TAMS 0x000000074ac00000, 0x000000074ac00000| Untracked 
|  72|0x000000074ae00000, 0x000000074ae00000, 0x000000074b000000|  0%| F|  |TAMS 0x000000074ae00000, 0x000000074ae00000| Untracked 
|  73|0x000000074b000000, 0x000000074b000000, 0x000000074b200000|  0%| F|  |TAMS 0x000000074b000000, 0x000000074b000000| Untracked 
|  74|0x000000074b200000, 0x000000074b200000, 0x000000074b400000|  0%| F|  |TAMS 0x000000074b200000, 0x000000074b200000| Untracked 
|  75|0x000000074b400000, 0x000000074b400000, 0x000000074b600000|  0%| F|  |TAMS 0x000000074b400000, 0x000000074b400000| Untracked 
|  76|0x000000074b600000, 0x000000074b600000, 0x000000074b800000|  0%| F|  |TAMS 0x000000074b600000, 0x000000074b600000| Untracked 
|  77|0x000000074b800000, 0x000000074b800000, 0x000000074ba00000|  0%| F|  |TAMS 0x000000074b800000, 0x000000074b800000| Untracked 
|  78|0x000000074ba00000, 0x000000074ba00000, 0x000000074bc00000|  0%| F|  |TAMS 0x000000074ba00000, 0x000000074ba00000| Untracked 
|  79|0x000000074bc00000, 0x000000074bc00000, 0x000000074be00000|  0%| F|  |TAMS 0x000000074bc00000, 0x000000074bc00000| Untracked 
|  80|0x000000074be00000, 0x000000074be00000, 0x000000074c000000|  0%| F|  |TAMS 0x000000074be00000, 0x000000074be00000| Untracked 
|  81|0x000000074c000000, 0x000000074c000000, 0x000000074c200000|  0%| F|  |TAMS 0x000000074c000000, 0x000000074c000000| Untracked 
|  82|0x000000074c200000, 0x000000074c200000, 0x000000074c400000|  0%| F|  |TAMS 0x000000074c200000, 0x000000074c200000| Untracked 
|  83|0x000000074c400000, 0x000000074c400000, 0x000000074c600000|  0%| F|  |TAMS 0x000000074c400000, 0x000000074c400000| Untracked 
|  84|0x000000074c600000, 0x000000074c600000, 0x000000074c800000|  0%| F|  |TAMS 0x000000074c600000, 0x000000074c600000| Untracked 
|  85|0x000000074c800000, 0x000000074c800000, 0x000000074ca00000|  0%| F|  |TAMS 0x000000074c800000, 0x000000074c800000| Untracked 
|  86|0x000000074ca00000, 0x000000074ca00000, 0x000000074cc00000|  0%| F|  |TAMS 0x000000074ca00000, 0x000000074ca00000| Untracked 
|  87|0x000000074cc00000, 0x000000074cc00000, 0x000000074ce00000|  0%| F|  |TAMS 0x000000074cc00000, 0x000000074cc00000| Untracked 
|  88|0x000000074ce00000, 0x000000074ce00000, 0x000000074d000000|  0%| F|  |TAMS 0x000000074ce00000, 0x000000074ce00000| Untracked 
|  89|0x000000074d000000, 0x000000074d000000, 0x000000074d200000|  0%| F|  |TAMS 0x000000074d000000, 0x000000074d000000| Untracked 
|  90|0x000000074d200000, 0x000000074d200000, 0x000000074d400000|  0%| F|  |TAMS 0x000000074d200000, 0x000000074d200000| Untracked 
|  91|0x000000074d400000, 0x000000074d400000, 0x000000074d600000|  0%| F|  |TAMS 0x000000074d400000, 0x000000074d400000| Untracked 
|  92|0x000000074d600000, 0x000000074d600000, 0x000000074d800000|  0%| F|  |TAMS 0x000000074d600000, 0x000000074d600000| Untracked 
|  93|0x000000074d800000, 0x000000074d8e31f8, 0x000000074da00000| 44%| E|  |TAMS 0x000000074d800000, 0x000000074d800000| Complete 
|  94|0x000000074da00000, 0x000000074dc00000, 0x000000074dc00000|100%| E|CS|TAMS 0x000000074da00000, 0x000000074da00000| Complete 
|  95|0x000000074dc00000, 0x000000074de00000, 0x000000074de00000|100%| E|CS|TAMS 0x000000074dc00000, 0x000000074dc00000| Complete 

Card table byte_map: [0x000001ad97cc0000,0x000001ad982c0000] _byte_map_base: 0x000001ad942b1000

Marking Bits (Prev, Next): (CMBitMap*) 0x000001ad84c778f0, (CMBitMap*) 0x000001ad84c77930
 Prev Bits: [0x000001ad988c0000, 0x000001ad9b848000)
 Next Bits: [0x000001ad9b850000, 0x000001ad9e7d8000)

Polling page: 0x000001ad82b70000

Metaspace:

Usage:
  Non-class:      8.74 MB used.
      Class:    929.06 KB used.
       Both:      9.65 MB used.

Virtual space:
  Non-class space:       64.00 MB reserved,       8.81 MB ( 14%) committed,  1 nodes.
      Class space:        1.00 GB reserved,       1.00 MB ( <1%) committed,  1 nodes.
             Both:        1.06 GB reserved,       9.81 MB ( <1%) committed. 

Chunk freelists:
   Non-Class:  6.96 MB
       Class:  15.03 MB
        Both:  22.00 MB

MaxMetaspaceSize: unlimited
CompressedClassSpaceSize: 1.00 GB
Initial GC threshold: 21.00 MB
Current GC threshold: 21.00 MB
CDS: off
MetaspaceReclaimPolicy: balanced
 - commit_granule_bytes: 65536.
 - commit_granule_words: 8192.
 - virtual_space_node_default_size: 8388608.
 - enlarge_chunks_in_place: 1.
 - new_chunks_are_fully_committed: 0.
 - uncommit_free_chunks: 1.
 - use_allocation_guard: 0.
 - handle_deallocations: 1.


Internal statistics:

num_allocs_failed_limit: 0.
num_arena_births: 24.
num_arena_deaths: 0.
num_vsnodes_births: 2.
num_vsnodes_deaths: 0.
num_space_committed: 157.
num_space_uncommitted: 0.
num_chunks_returned_to_freelist: 0.
num_chunks_taken_from_freelist: 57.
num_chunk_merges: 0.
num_chunk_splits: 30.
num_chunks_enlarged: 19.
num_inconsistent_stats: 0.

CodeHeap 'non-profiled nmethods': size=120000Kb used=108Kb max_used=108Kb free=119891Kb
 bounds [0x000001ad8fe60000, 0x000001ad900d0000, 0x000001ad97390000]
CodeHeap 'profiled nmethods': size=120000Kb used=582Kb max_used=582Kb free=119417Kb
 bounds [0x000001ad88390000, 0x000001ad88600000, 0x000001ad8f8c0000]
CodeHeap 'non-nmethods': size=5760Kb used=1142Kb max_used=1152Kb free=4617Kb
 bounds [0x000001ad8f8c0000, 0x000001ad8fb30000, 0x000001ad8fe60000]
 total_blobs=838 nmethods=408 adapters=343
 compilation: enabled
              stopped_count=0, restarted_count=0
 full_count=0

Compilation events (20 events):
Event: 0.685 Thread 0x000001ada1416a10  379   !   3       java.util.regex.Pattern::matcher (44 bytes)
Event: 0.685 Thread 0x000001ada1416a10 nmethod 379 0x000001ad88413110 code [0x000001ad884132c0, 0x000001ad88413638]
Event: 0.685 Thread 0x000001ada1416a10  381       3       java.util.Arrays$ArrayItr::next (36 bytes)
Event: 0.685 Thread 0x000001ada1416a10 nmethod 381 0x000001ad88413790 code [0x000001ad88413940, 0x000001ad88413b28]
Event: 0.685 Thread 0x000001ada1416a10  382       3       java.lang.ref.SoftReference::get (29 bytes)
Event: 0.686 Thread 0x000001ada1416a10 nmethod 382 0x000001ad88413c10 code [0x000001ad88413da0, 0x000001ad88413f78]
Event: 0.686 Thread 0x000001ada1416a10  383       3       sun.security.ssl.CipherSuite::supports (11 bytes)
Event: 0.686 Thread 0x000001ada1416a10 nmethod 383 0x000001ad88414010 code [0x000001ad884141c0, 0x000001ad884143a8]
Event: 0.686 Thread 0x000001ada1416a10  384       3       java.util.Arrays$ArrayList::contains (14 bytes)
Event: 0.686 Thread 0x000001ada1416a10 nmethod 384 0x000001ad88414490 code [0x000001ad88414640, 0x000001ad884147e8]
Event: 0.686 Thread 0x000001ada1416a10  385       3       sun.security.util.DisabledAlgorithmConstraints::permits (70 bytes)
Event: 0.686 Thread 0x000001ada1416a10 nmethod 385 0x000001ad88414890 code [0x000001ad88414aa0, 0x000001ad88415148]
Event: 0.686 Thread 0x000001ada1416a10  388       3       java.util.Arrays$ArrayList::indexOf (62 bytes)
Event: 0.687 Thread 0x000001ada1416a10 nmethod 388 0x000001ad88415390 code [0x000001ad88415560, 0x000001ad88415a08]
Event: 0.687 Thread 0x000001ada1416a10  386       3       java.util.RegularEnumSet::isEmpty (15 bytes)
Event: 0.687 Thread 0x000001ada1416a10 nmethod 386 0x000001ad88415b90 code [0x000001ad88415d20, 0x000001ad88415e98]
Event: 0.687 Thread 0x000001ada1416a10  387       3       java.util.ImmutableCollections$ListN::get (7 bytes)
Event: 0.687 Thread 0x000001ada1416a10 nmethod 387 0x000001ad88415f10 code [0x000001ad884160a0, 0x000001ad884161d8]
Event: 0.687 Thread 0x000001ada1416a10  389   !   3       sun.security.util.DisabledAlgorithmConstraints::cachedCheckAlgorithm (116 bytes)
Event: 0.688 Thread 0x000001ada1416a10 nmethod 389 0x000001ad88416290 code [0x000001ad88416520, 0x000001ad884174c8]

GC Heap History (0 events):
No events

Dll operation events (1 events):
Event: 0.006 Loaded shared library C:\Users\Os 10\AppData\Local\Programs\IntelliJ IDEA Community Edition\jbr\bin\java.dll

Deoptimization events (0 events):
No events

Classes unloaded (0 events):
No events

Classes redefined (0 events):
No events

Internal exceptions (7 events):
Event: 0.523 Thread 0x000001ad82aed850 Exception <a 'sun/nio/fs/WindowsException'{0x000000074db37980}> (0x000000074db37980) 
thrown [s\src\hotspot\share\prims\jni.cpp, line 517]
Event: 0.592 Thread 0x000001ad82aed850 Exception <a 'java/lang/NoSuchMethodError'{0x000000074db63368}: 'int java.lang.invoke.DirectMethodHandle$Holder.invokeStaticInit(java.lang.Object, java.lang.Object, java.lang.Object, java.lang.Object)'> (0x000000074db63368) 
thrown [s\src\hotspot\share\interpreter\linkResolver.cpp, line 771]
Event: 0.600 Thread 0x000001ad82aed850 Exception <a 'java/lang/NoSuchMethodError'{0x000000074db6dfc8}: 'java.lang.Object java.lang.invoke.DirectMethodHandle$Holder.invokeInterface(java.lang.Object, java.lang.Object)'> (0x000000074db6dfc8) 
thrown [s\src\hotspot\share\interpreter\linkResolver.cpp, line 771]
Event: 0.604 Thread 0x000001ad82aed850 Exception <a 'java/lang/IncompatibleClassChangeError'{0x000000074db718e8}: Found class java.lang.Object, but interface was expected> (0x000000074db718e8) 
thrown [s\src\hotspot\share\interpreter\linkResolver.cpp, line 838]
Event: 0.606 Thread 0x000001ad82aed850 Exception <a 'java/lang/NoSuchMethodError'{0x000000074db74c98}: 'void java.lang.invoke.DirectMethodHandle$Holder.invokeStatic(java.lang.Object, java.lang.Object)'> (0x000000074db74c98) 
thrown [s\src\hotspot\share\interpreter\linkResolver.cpp, line 771]
Event: 0.607 Thread 0x000001ad82aed850 Exception <a 'java/lang/NoSuchMethodError'{0x000000074db785b0}: 'void java.lang.invoke.DirectMethodHandle$Holder.invokeStaticInit(java.lang.Object, java.lang.Object)'> (0x000000074db785b0) 
thrown [s\src\hotspot\share\interpreter\linkResolver.cpp, line 771]
Event: 0.609 Thread 0x000001ad82aed850 Exception <a 'java/lang/NoSuchMethodError'{0x000000074db7ee48}: 'int java.lang.invoke.DirectMethodHandle$Holder.invokeStaticInit(java.lang.Object, java.lang.Object)'> (0x000000074db7ee48) 
thrown [s\src\hotspot\share\interpreter\linkResolver.cpp, line 771]

VM Operations (4 events):
Event: 0.136 Executing VM operation: HandshakeAllThreads
Event: 0.137 Executing VM operation: HandshakeAllThreads done
Event: 0.193 Executing VM operation: HandshakeAllThreads
Event: 0.193 Executing VM operation: HandshakeAllThreads done

Events (20 events):
Event: 0.690 loading class java/util/random/RandomGenerator
Event: 0.690 loading class java/util/random/RandomGenerator done
Event: 0.690 loading class java/util/Random done
Event: 0.690 loading class java/security/SecureRandom done
Event: 0.691 loading class java/util/AbstractList$Itr
Event: 0.691 loading class java/util/AbstractList$Itr done
Event: 0.691 loading class java/security/SecureRandomParameters
Event: 0.691 loading class java/security/SecureRandomParameters done
Event: 0.691 loading class sun/security/provider/DRBG
Event: 0.691 loading class java/security/SecureRandomSpi
Event: 0.691 loading class java/security/SecureRandomSpi done
Event: 0.691 loading class sun/security/provider/DRBG done
Event: 0.692 loading class java/security/DrbgParameters$Capability
Event: 0.692 loading class java/security/DrbgParameters$Capability done
Event: 0.692 loading class sun/security/provider/MoreDrbgParameters
Event: 0.692 loading class sun/security/provider/MoreDrbgParameters done
Event: 0.692 loading class java/security/DrbgParameters
Event: 0.692 loading class java/security/DrbgParameters done
Event: 0.692 loading class java/security/DrbgParameters$Instantiation
Event: 0.693 loading class java/security/DrbgParameters$Instantiation done


Dynamic libraries:
0x00007ff616d70000 - 0x00007ff616d7a000 	C:\Users\Os 10\AppData\Local\Programs\IntelliJ IDEA Community Edition\jbr\bin\java.exe
0x00007ffac1910000 - 0x00007ffac1b27000 	C:\WINDOWS\SYSTEM32\ntdll.dll
0x00007ffabf610000 - 0x00007ffabf6d4000 	C:\WINDOWS\System32\KERNEL32.DLL
0x00007ffabee20000 - 0x00007ffabf1da000 	C:\WINDOWS\System32\KERNELBASE.dll
0x00007ffabed00000 - 0x00007ffabee11000 	C:\WINDOWS\System32\ucrtbase.dll
0x00007ffaaf5f0000 - 0x00007ffaaf60b000 	C:\Users\Os 10\AppData\Local\Programs\IntelliJ IDEA Community Edition\jbr\bin\VCRUNTIME140.dll
0x00007ffa9f5c0000 - 0x00007ffa9f5d7000 	C:\Users\Os 10\AppData\Local\Programs\IntelliJ IDEA Community Edition\jbr\bin\jli.dll
0x00007ffac01b0000 - 0x00007ffac035e000 	C:\WINDOWS\System32\USER32.dll
0x00007ffa998b0000 - 0x00007ffa99b42000 	C:\WINDOWS\WinSxS\amd64_microsoft.windows.common-controls_6595b64144ccf1df_6.0.22621.4541_none_2710d1c57384c085\COMCTL32.dll
0x00007ffabf380000 - 0x00007ffabf3a6000 	C:\WINDOWS\System32\win32u.dll
0x00007ffac0fb0000 - 0x00007ffac1057000 	C:\WINDOWS\System32\msvcrt.dll
0x00007ffabfce0000 - 0x00007ffabfd09000 	C:\WINDOWS\System32\GDI32.dll
0x00007ffabf1e0000 - 0x00007ffabf2fb000 	C:\WINDOWS\System32\gdi32full.dll
0x00007ffabebe0000 - 0x00007ffabec7a000 	C:\WINDOWS\System32\msvcp_win.dll
0x00007ffac1760000 - 0x00007ffac1791000 	C:\WINDOWS\System32\IMM32.DLL
0x00007ffab27f0000 - 0x00007ffab27fc000 	C:\Users\Os 10\AppData\Local\Programs\IntelliJ IDEA Community Edition\jbr\bin\vcruntime140_1.dll
0x00007ffa5c450000 - 0x00007ffa5c4dd000 	C:\Users\Os 10\AppData\Local\Programs\IntelliJ IDEA Community Edition\jbr\bin\msvcp140.dll
0x00007ffa3bfb0000 - 0x00007ffa3cc33000 	C:\Users\Os 10\AppData\Local\Programs\IntelliJ IDEA Community Edition\jbr\bin\server\jvm.dll
0x00007ffabf6e0000 - 0x00007ffabf792000 	C:\WINDOWS\System32\ADVAPI32.dll
0x00007ffac16b0000 - 0x00007ffac1757000 	C:\WINDOWS\System32\sechost.dll
0x00007ffabf470000 - 0x00007ffabf498000 	C:\WINDOWS\System32\bcrypt.dll
0x00007ffac0e90000 - 0x00007ffac0fa4000 	C:\WINDOWS\System32\RPCRT4.dll
0x00007ffabeab0000 - 0x00007ffabeafd000 	C:\WINDOWS\SYSTEM32\POWRPROF.dll
0x00007ffaa5320000 - 0x00007ffaa5329000 	C:\WINDOWS\SYSTEM32\WSOCK32.dll
0x00007ffab2f10000 - 0x00007ffab2f44000 	C:\WINDOWS\SYSTEM32\WINMM.dll
0x00007ffabfd60000 - 0x00007ffabfdd1000 	C:\WINDOWS\System32\WS2_32.dll
0x00007ffab1a70000 - 0x00007ffab1a7a000 	C:\WINDOWS\SYSTEM32\VERSION.dll
0x00007ffabea90000 - 0x00007ffabeaa3000 	C:\WINDOWS\SYSTEM32\UMPDC.dll
0x00007ffabdbe0000 - 0x00007ffabdbf8000 	C:\WINDOWS\SYSTEM32\kernel.appcore.dll
0x00007ffaaf2c0000 - 0x00007ffaaf2ca000 	C:\Users\Os 10\AppData\Local\Programs\IntelliJ IDEA Community Edition\jbr\bin\jimage.dll
0x00007ffabc6d0000 - 0x00007ffabc902000 	C:\WINDOWS\SYSTEM32\DBGHELP.DLL
0x00007ffabf950000 - 0x00007ffabfcdf000 	C:\WINDOWS\System32\combase.dll
0x00007ffabf7c0000 - 0x00007ffabf897000 	C:\WINDOWS\System32\OLEAUT32.dll
0x00007ffaa51d0000 - 0x00007ffaa5202000 	C:\WINDOWS\SYSTEM32\dbgcore.DLL
0x00007ffabf300000 - 0x00007ffabf37b000 	C:\WINDOWS\System32\bcryptPrimitives.dll
0x00007ffaa2b60000 - 0x00007ffaa2b85000 	C:\Users\Os 10\AppData\Local\Programs\IntelliJ IDEA Community Edition\jbr\bin\java.dll
0x00007ffaa3660000 - 0x00007ffaa3678000 	C:\Users\Os 10\AppData\Local\Programs\IntelliJ IDEA Community Edition\jbr\bin\zip.dll
0x00007ffac03e0000 - 0x00007ffac0c58000 	C:\WINDOWS\System32\SHELL32.dll
0x00007ffabcad0000 - 0x00007ffabd3d8000 	C:\WINDOWS\SYSTEM32\windows.storage.dll
0x00007ffabc990000 - 0x00007ffabcacf000 	C:\WINDOWS\SYSTEM32\wintypes.dll
0x00007ffac00b0000 - 0x00007ffac01aa000 	C:\WINDOWS\System32\SHCORE.dll
0x00007ffac0050000 - 0x00007ffac00ae000 	C:\WINDOWS\System32\shlwapi.dll
0x00007ffabeb10000 - 0x00007ffabeb3b000 	C:\WINDOWS\SYSTEM32\profapi.dll
0x00007ffaa3210000 - 0x00007ffaa3229000 	C:\Users\Os 10\AppData\Local\Programs\IntelliJ IDEA Community Edition\jbr\bin\net.dll
0x00007ffab3e20000 - 0x00007ffab3f56000 	C:\WINDOWS\SYSTEM32\WINHTTP.dll
0x00007ffabe050000 - 0x00007ffabe0b9000 	C:\WINDOWS\system32\mswsock.dll
0x00007ffaa2b40000 - 0x00007ffaa2b56000 	C:\Users\Os 10\AppData\Local\Programs\IntelliJ IDEA Community Edition\jbr\bin\nio.dll
0x00007ffaa3560000 - 0x00007ffaa356e000 	C:\Users\Os 10\AppData\Local\Programs\IntelliJ IDEA Community Edition\jbr\bin\sunmscapi.dll
0x00007ffabf4a0000 - 0x00007ffabf606000 	C:\WINDOWS\System32\CRYPT32.dll
0x00007ffabe3d0000 - 0x00007ffabe3fd000 	C:\WINDOWS\SYSTEM32\ncrypt.dll
0x00007ffabe390000 - 0x00007ffabe3c7000 	C:\WINDOWS\SYSTEM32\NTASN1.dll
0x00007ffabe500000 - 0x00007ffabe51b000 	C:\WINDOWS\SYSTEM32\CRYPTSP.dll
0x00007ffabdb40000 - 0x00007ffabdb75000 	C:\WINDOWS\system32\rsaenh.dll
0x00007ffabe0f0000 - 0x00007ffabe118000 	C:\WINDOWS\SYSTEM32\USERENV.dll
0x00007ffabe250000 - 0x00007ffabe25c000 	C:\WINDOWS\SYSTEM32\CRYPTBASE.dll
0x00007ffabd680000 - 0x00007ffabd6ad000 	C:\WINDOWS\SYSTEM32\IPHLPAPI.DLL
0x00007ffac0040000 - 0x00007ffac0049000 	C:\WINDOWS\System32\NSI.dll
0x00007ffab3030000 - 0x00007ffab3049000 	C:\WINDOWS\SYSTEM32\dhcpcsvc6.DLL
0x00007ffab2f50000 - 0x00007ffab2f6f000 	C:\WINDOWS\SYSTEM32\dhcpcsvc.DLL
0x00007ffabd6b0000 - 0x00007ffabd7b2000 	C:\WINDOWS\SYSTEM32\DNSAPI.dll

dbghelp: loaded successfully - version: 4.0.5 - missing functions: none
symbol engine: initialized successfully - sym options: 0x614 - pdb path: .;C:\Users\Os 10\AppData\Local\Programs\IntelliJ IDEA Community Edition\jbr\bin;C:\WINDOWS\SYSTEM32;C:\WINDOWS\WinSxS\amd64_microsoft.windows.common-controls_6595b64144ccf1df_6.0.22621.4541_none_2710d1c57384c085;C:\Users\Os 10\AppData\Local\Programs\IntelliJ IDEA Community Edition\jbr\bin\server

VM Arguments:
java_command: git4idea.http.GitAskPassApp Password for 'https://Nizar-Rasyiid@github.com': 
java_class_path (initial): C:/Users/Os 10/AppData/Local/Programs/IntelliJ IDEA Community Edition/plugins/vcs-git/lib/git4idea-rt.jar;C:/Users/Os 10/AppData/Local/Programs/IntelliJ IDEA Community Edition/lib/externalProcess-rt.jar
Launcher Type: SUN_STANDARD

[Global flags]
     intx CICompilerCount                          = 4                                         {product} {ergonomic}
     uint ConcGCThreads                            = 2                                         {product} {ergonomic}
     uint G1ConcRefinementThreads                  = 8                                         {product} {ergonomic}
   size_t G1HeapRegionSize                         = 2097152                                   {product} {ergonomic}
    uintx GCDrainStackTargetSize                   = 64                                        {product} {ergonomic}
   size_t InitialHeapSize                          = 201326592                                 {product} {ergonomic}
   size_t MarkStackSize                            = 4194304                                   {product} {ergonomic}
   size_t MaxHeapSize                              = 3189768192                                {product} {ergonomic}
   size_t MaxNewSize                               = 1912602624                                {product} {ergonomic}
   size_t MinHeapDeltaBytes                        = 2097152                                   {product} {ergonomic}
   size_t MinHeapSize                              = 8388608                                   {product} {ergonomic}
    uintx NonNMethodCodeHeapSize                   = 5839372                                {pd product} {ergonomic}
    uintx NonProfiledCodeHeapSize                  = 122909434                              {pd product} {ergonomic}
    uintx ProfiledCodeHeapSize                     = 122909434                              {pd product} {ergonomic}
    uintx ReservedCodeCacheSize                    = 251658240                              {pd product} {ergonomic}
     bool SegmentedCodeCache                       = true                                      {product} {ergonomic}
   size_t SoftMaxHeapSize                          = 3189768192                             {manageable} {ergonomic}
     bool UseCompressedClassPointers               = true                           {product lp64_product} {ergonomic}
     bool UseCompressedOops                        = true                           {product lp64_product} {ergonomic}
     bool UseG1GC                                  = true                                      {product} {ergonomic}
     bool UseLargePagesIndividualAllocation        = false                                  {pd product} {ergonomic}

Logging:
Log output configuration:
 #0: stdout all=warning uptime,level,tags
 #1: stderr all=off uptime,level,tags

Environment Variables:
JAVA_HOME=D:\jdk-22.0.1
PATH=C:\Program Files\Git\mingw64\libexec\git-core;C:\Program Files\Git\mingw64\libexec\git-core;C:\Program Files\Git\mingw64\bin;C:\Program Files\Git\usr\bin;C:\Users\Os 10\bin;D:\Scripts;C:\Program Files (x86)\Common Files\Oracle\Java\javapath;C:\WINDOWS\system32;C:\WINDOWS;C:\WINDOWS\System32\Wbem;C:\WINDOWS\System32\WindowsPowerShell\v1.0;C:\WINDOWS\System32\OpenSSH;C:\xampp\php;C:\ProgramData\ComposerSetup\bin;C:\Program Files\dotnet;D:\go\bin;C:\Users\Os 10\AppData\Roaming\npm;C:\Program Files\nodejs;C:\Program Files\Microsoft SQL Server\150\Tools\Binn;D:\gradle-7.6.4\bin;D:\jdk-22.0.1;D:\common;D:\;C:\Python27;C:\Program Files\Git\cmd;C:\Program Files\Docker\Docker\resources\bin;C:\Python27\Scripts;C:\Program Files\Microsoft SQL Server\Client SDK\ODBC\170\Tools\Binn;D:\Downloads\platform-tools;D:\flutter\bin\cache\dart-sdk\bin;C:\Users\Os 10\AppData\Local\Pub\Cache\bin;C:\Users\Os 10\AppData\Roaming\npm;D:\xampp\php;D:\heroku\bin;C:\Users\Os 10\AppData\Local\Microsoft\WindowsApps;C:\Users\Os 10\go\bin;D:\Downloads\MinGW\bin;C:\Users\Os 10\AppData\Roaming\npm;C:\Users\Os 10\AppData\Local\JetBrains\Toolbox\scripts;C:\Python27;D:\jdk-22.0.1;C:\Users\Os 10\.dotnet\tools;D:\Microsoft VS Code\bin;D:\AMD\SDK\platform-tools;D:\AMD\SDK\cmdline-tools\latest\bin;D:\flutter\bin\cache\dart-sdk\bin
USERNAME=Os 10
DISPLAY=:0.0
LC_ALL=en_US.UTF-8
TERM=xterm-256color
TMPDIR=C:\Users\OS10~1\AppData\Local\Temp
OS=Windows_NT
PROCESSOR_IDENTIFIER=Intel64 Family 6 Model 142 Stepping 12, GenuineIntel
TMP=C:\Users\OS10~1\AppData\Local\Temp
TEMP=C:\Users\OS10~1\AppData\Local\Temp



Periodic native trim disabled

JNI global refs:
JNI global refs: 18, weak refs: 0

JNI global refs memory usage: 843, weak refs: 209

OOME stack traces (most recent first):
Classloader memory used:
Loader bootstrap                                                                       : 1216K
Loader jdk.internal.loader.ClassLoaders$PlatformClassLoader                            : 18005B
Loader jdk.internal.loader.ClassLoaders$AppClassLoader                                 : 1808B


---------------  S Y S T E M  ---------------

OS:
 Windows 11 , 64 bit Build 22621 (10.0.22621.4391)
OS uptime: 1 days 4:53 hours
Hyper-V role detected

CPU: total 8 (initial active 8) (4 cores per cpu, 2 threads per core) family 6 model 142 stepping 12 microcode 0xf8, cx8, cmov, fxsr, ht, mmx, 3dnowpref, sse, sse2, sse3, ssse3, sse4.1, sse4.2, popcnt, lzcnt, tsc, tscinvbit, avx, avx2, aes, erms, clmul, bmi1, bmi2, adx, fma, vzeroupper, clflush, clflushopt, hv
Processor Information for all 8 processors :
  Max Mhz: 1800, Current Mhz: 1600, Mhz Limit: 1584

Memory: 4k page, system-wide physical 12163M (577M free)
TotalPageFile size 16706M (AvailPageFile size 5M)
current process WorkingSet (physical memory assigned to process): 47M, peak: 47M
current process commit charge ("private bytes"): 278M, peak: 279M

vm_info: OpenJDK 64-Bit Server VM (17.0.10+1-b1087.17) for windows-amd64 JRE (17.0.10+1-b1087.17), built on 2024-01-19 by "builduser" with MS VC++ 16.10 / 16.11 (VS2019)

END.
