#
# There is insufficient memory for the Java Runtime Environment to continue.
# Native memory allocation (mmap) failed to map 201326592 bytes. Error detail: G1 virtual space
# Possible reasons:
#   The system is out of physical RAM or swap space
#   This process is running with CompressedOops enabled, and the Java Heap may be blocking the growth of the native heap
# Possible solutions:
#   Reduce memory load on the system
#   Increase physical memory or swap space
#   Check if swap backing store is full
#   Decrease Java heap size (-Xmx/-Xms)
#   Decrease number of Java threads
#   Decrease Java thread stack sizes (-Xss)
#   Set larger code cache with -XX:ReservedCodeCacheSize=
#   JVM is running with Zero Based Compressed Oops mode in which the Java heap is
#     placed in the first 32GB address space. The Java Heap base address is the
#     maximum limit for the native heap growth. Please use -XX:HeapBaseMinAddress
#     to set the Java Heap base and to place the Java Heap above 32GB virtual address.
# This output file may be truncated or incomplete.
#
#  Out of Memory Error (os_windows.cpp:3631), pid=28720, tid=21492
#
# JRE version:  (22.0.1+8) (build )
# Java VM: Java HotSpot(TM) 64-Bit Server VM (22.0.1+8-16, mixed mode, sharing, tiered, compressed oops, compressed class ptrs, g1 gc, windows-amd64)
# No core dump will be written. Minidumps are not enabled by default on client versions of Windows
#

---------------  S U M M A R Y ------------

Command Line: -Dclassworlds.conf=D:\NetBeans-21\netbeans\java\maven\bin\m2.conf -Dmaven.home=D:\NetBeans-21\netbeans\java\maven -Dlibrary.jansi.path=D:\NetBeans-21\netbeans\java\maven\lib\jansi-native -Dmaven.multiModuleProjectDirectory=D:\Joki\DiagramMaster org.codehaus.plexus.classworlds.launcher.Launcher -Dexec.vmArgs= -Dexec.args=${exec.vmArgs} -classpath %classpath ${exec.mainClass} ${exec.appArgs} -Dexec.appArgs= -Dexec.mainClass=Main -Dexec.executable=D:\jdk-22.0.1\bin\java.exe -Dmaven.ext.class.path=D:\NetBeans-21\netbeans\java\maven-nblib\netbeans-eventspy.jar --no-transfer-progress process-classes org.codehaus.mojo:exec-maven-plugin:3.1.0:exec

Host: Intel(R) Core(TM) i5-8265U CPU @ 1.60GHz, 8 cores, 11G,  Windows 11 , 64 bit Build 22621 (10.0.22621.4391)
Time: Sun Dec 22 23:06:05 2024 SE Asia Standard Time elapsed time: 0.010573 seconds (0d 0h 0m 0s)

---------------  T H R E A D  ---------------

Current thread (0x000002467f9cf730):  JavaThread "Unknown thread" [_thread_in_vm, id=21492, stack(0x000000948cb00000,0x000000948cc00000) (1024K)]

Stack: [0x000000948cb00000,0x000000948cc00000]
Native frames: (J=compiled Java code, j=interpreted, Vv=VM code, C=native code)
V  [jvm.dll+0x6e2279]  (no source info available)
V  [jvm.dll+0x874e33]  (no source info available)
V  [jvm.dll+0x87725e]  (no source info available)
V  [jvm.dll+0x877933]  (no source info available)
V  [jvm.dll+0x27fd76]  (no source info available)
V  [jvm.dll+0x6de915]  (no source info available)
V  [jvm.dll+0x6d341a]  (no source info available)
V  [jvm.dll+0x3589da]  (no source info available)
V  [jvm.dll+0x360f06]  (no source info available)
V  [jvm.dll+0x3b3e2e]  (no source info available)
V  [jvm.dll+0x3b40d8]  (no source info available)
V  [jvm.dll+0x32c59c]  (no source info available)
V  [jvm.dll+0x32d158]  (no source info available)
V  [jvm.dll+0x83ccdc]  (no source info available)
V  [jvm.dll+0x3c0d71]  (no source info available)
V  [jvm.dll+0x825ccc]  (no source info available)
V  [jvm.dll+0x45b8fe]  (no source info available)
V  [jvm.dll+0x45d781]  (no source info available)
C  [jli.dll+0x52a3]  (no source info available)
C  [ucrtbase.dll+0x29333]  (no source info available)
C  [KERNEL32.DLL+0x1259d]  (no source info available)
C  [ntdll.dll+0x5af38]  (no source info available)


---------------  P R O C E S S  ---------------

Threads class SMR info:
_java_thread_list=0x00007ffa2277b1c8, length=0, elements={
}

Java Threads: ( => current thread )
Total: 0

Other Threads:
  0x000002467fa211d0 WorkerThread "GC Thread#0"                     [id=17492, stack(0x000000948cc00000,0x000000948cd00000) (1024K)]
  0x000002467fa2e090 ConcurrentGCThread "G1 Main Marker"            [id=26860, stack(0x000000948cd00000,0x000000948ce00000) (1024K)]
  0x000002467fa2eab0 WorkerThread "G1 Conc#0"                       [id=27424, stack(0x000000948ce00000,0x000000948cf00000) (1024K)]

[error occurred during error reporting (printing all threads), id 0xc0000005, EXCEPTION_ACCESS_VIOLATION (0xc0000005) at pc=0x00007ffa21ecf367]
VM state: not at safepoint (not fully initialized)

VM Mutex/Monitor currently owned by a thread:  ([mutex/lock_event])
[0x00007ffa227fbcb8] Heap_lock - owner thread: 0x000002467f9cf730

Heap address: 0x0000000741e00000, size: 3042 MB, Compressed Oops mode: Zero based, Oop shift amount: 3

CDS archive(s) mapped at: [0x0000000000000000-0x0000000000000000-0x0000000000000000), size 0, SharedBaseAddress: 0x0000000800000000, ArchiveRelocationMode: 1.
Narrow klass base: 0x0000000000000000, Narrow klass shift: 0, Narrow klass range: 0x0

GC Precious Log:
 CardTable entry size: 512
 Card Set container configuration: InlinePtr #cards 4 size 8 Array Of Cards #cards 16 size 48 Howl #buckets 8 coarsen threshold 3686 Howl Bitmap #cards 512 size 80 coarsen threshold 460 Card regions per heap region 1 cards per card region 4096

Heap:
 garbage-first heap   total reserved 3115008K, committed 0K, used 0K [0x0000000741e00000, 0x0000000800000000)
  region size 2048K, 0 young (0K), 0 survivors (0K)

[error occurred during error reporting (printing heap information), id 0xc0000005, EXCEPTION_ACCESS_VIOLATION (0xc0000005) at pc=0x00007ffa222ce429]
GC Heap History (0 events):
No events

Dll operation events (1 events):
Event: 0.007 Loaded shared library D:\jdk-22.0.1\bin\java.dll

Deoptimization events (0 events):
No events

Classes loaded (0 events):
No events

Classes unloaded (0 events):
No events

Classes redefined (0 events):
No events

Internal exceptions (0 events):
No events

ZGC Phase Switch (0 events):
No events

VM Operations (0 events):
No events

Events (0 events):
No events


Dynamic libraries:
0x00007ff7a90b0000 - 0x00007ff7a90c0000 	D:\jdk-22.0.1\bin\java.exe
0x00007ffac1910000 - 0x00007ffac1b27000 	C:\WINDOWS\SYSTEM32\ntdll.dll
0x00007ffabf610000 - 0x00007ffabf6d4000 	C:\WINDOWS\System32\KERNEL32.DLL
0x00007ffabee20000 - 0x00007ffabf1da000 	C:\WINDOWS\System32\KERNELBASE.dll
0x00007ffabed00000 - 0x00007ffabee11000 	C:\WINDOWS\System32\ucrtbase.dll
0x00007ffa97130000 - 0x00007ffa97147000 	D:\jdk-22.0.1\bin\jli.dll
0x00007ffabf6e0000 - 0x00007ffabf792000 	C:\WINDOWS\System32\ADVAPI32.dll
0x00007ffa966b0000 - 0x00007ffa966cb000 	D:\jdk-22.0.1\bin\VCRUNTIME140.dll
0x00007ffac0fb0000 - 0x00007ffac1057000 	C:\WINDOWS\System32\msvcrt.dll
0x00007ffac16b0000 - 0x00007ffac1757000 	C:\WINDOWS\System32\sechost.dll
0x00007ffabf470000 - 0x00007ffabf498000 	C:\WINDOWS\System32\bcrypt.dll
0x00007ffac0e90000 - 0x00007ffac0fa4000 	C:\WINDOWS\System32\RPCRT4.dll
0x00007ffac01b0000 - 0x00007ffac035e000 	C:\WINDOWS\System32\USER32.dll
0x00007ffabf380000 - 0x00007ffabf3a6000 	C:\WINDOWS\System32\win32u.dll
0x00007ffa998b0000 - 0x00007ffa99b42000 	C:\WINDOWS\WinSxS\amd64_microsoft.windows.common-controls_6595b64144ccf1df_6.0.22621.4541_none_2710d1c57384c085\COMCTL32.dll
0x00007ffabfce0000 - 0x00007ffabfd09000 	C:\WINDOWS\System32\GDI32.dll
0x00007ffabf1e0000 - 0x00007ffabf2fb000 	C:\WINDOWS\System32\gdi32full.dll
0x00007ffabebe0000 - 0x00007ffabec7a000 	C:\WINDOWS\System32\msvcp_win.dll
0x00007ffab1a70000 - 0x00007ffab1a7a000 	C:\WINDOWS\SYSTEM32\VERSION.dll
0x00007ffac1760000 - 0x00007ffac1791000 	C:\WINDOWS\System32\IMM32.DLL
0x00007ffa89c60000 - 0x00007ffa89c6c000 	D:\jdk-22.0.1\bin\vcruntime140_1.dll
0x00007ffa628c0000 - 0x00007ffa6294e000 	D:\jdk-22.0.1\bin\msvcp140.dll
0x00007ffa21b90000 - 0x00007ffa228d7000 	D:\jdk-22.0.1\bin\server\jvm.dll
0x00007ffabfd60000 - 0x00007ffabfdd1000 	C:\WINDOWS\System32\WS2_32.dll
0x00007ffabeab0000 - 0x00007ffabeafd000 	C:\WINDOWS\SYSTEM32\POWRPROF.dll
0x00007ffab2f10000 - 0x00007ffab2f44000 	C:\WINDOWS\SYSTEM32\WINMM.dll
0x00007ffabea90000 - 0x00007ffabeaa3000 	C:\WINDOWS\SYSTEM32\UMPDC.dll
0x00007ffabdbe0000 - 0x00007ffabdbf8000 	C:\WINDOWS\SYSTEM32\kernel.appcore.dll
0x00007ffa89860000 - 0x00007ffa8986a000 	D:\jdk-22.0.1\bin\jimage.dll
0x00007ffabc6d0000 - 0x00007ffabc902000 	C:\WINDOWS\SYSTEM32\DBGHELP.DLL
0x00007ffabf950000 - 0x00007ffabfcdf000 	C:\WINDOWS\System32\combase.dll
0x00007ffabf7c0000 - 0x00007ffabf897000 	C:\WINDOWS\System32\OLEAUT32.dll
0x00007ffaa51d0000 - 0x00007ffaa5202000 	C:\WINDOWS\SYSTEM32\dbgcore.DLL
0x00007ffabf300000 - 0x00007ffabf37b000 	C:\WINDOWS\System32\bcryptPrimitives.dll
0x00007ffa89c40000 - 0x00007ffa89c5e000 	D:\jdk-22.0.1\bin\java.dll
0x00007ffac03e0000 - 0x00007ffac0c58000 	C:\WINDOWS\System32\SHELL32.dll
0x00007ffac0ce0000 - 0x00007ffac0e85000 	C:\WINDOWS\System32\ole32.dll

dbghelp: loaded successfully - version: 4.0.5 - missing functions: none
symbol engine: initialized successfully - sym options: 0x614 - pdb path: .;D:\jdk-22.0.1\bin;C:\WINDOWS\SYSTEM32;C:\WINDOWS\WinSxS\amd64_microsoft.windows.common-controls_6595b64144ccf1df_6.0.22621.4541_none_2710d1c57384c085;D:\jdk-22.0.1\bin\server

VM Arguments:
jvm_args: -Dclassworlds.conf=D:\NetBeans-21\netbeans\java\maven\bin\m2.conf -Dmaven.home=D:\NetBeans-21\netbeans\java\maven -Dlibrary.jansi.path=D:\NetBeans-21\netbeans\java\maven\lib\jansi-native -Dmaven.multiModuleProjectDirectory=D:\Joki\DiagramMaster 
java_command: org.codehaus.plexus.classworlds.launcher.Launcher -Dexec.vmArgs= -Dexec.args=${exec.vmArgs} -classpath %classpath ${exec.mainClass} ${exec.appArgs} -Dexec.appArgs= -Dexec.mainClass=Main -Dexec.executable=D:\jdk-22.0.1\bin\java.exe -Dmaven.ext.class.path=D:\NetBeans-21\netbeans\java\maven-nblib\netbeans-eventspy.jar --no-transfer-progress process-classes org.codehaus.mojo:exec-maven-plugin:3.1.0:exec
java_class_path (initial): D:\NetBeans-21\netbeans\java\maven\boot\plexus-classworlds-2.7.0.jar
Launcher Type: SUN_STANDARD

[Global flags]
     intx CICompilerCount                          = 4                                         {product} {ergonomic}
     uint ConcGCThreads                            = 2                                         {product} {ergonomic}
     uint G1ConcRefinementThreads                  = 8                                         {product} {ergonomic}
   size_t G1HeapRegionSize                         = 2097152                                   {product} {ergonomic}
   size_t InitialHeapSize                          = 201326592                                 {product} {ergonomic}
   size_t MarkStackSize                            = 4194304                                   {product} {ergonomic}
   size_t MaxHeapSize                              = 3189768192                                {product} {ergonomic}
   size_t MinHeapDeltaBytes                        = 2097152                                   {product} {ergonomic}
   size_t MinHeapSize                              = 8388608                                   {product} {ergonomic}
    uintx NonNMethodCodeHeapSize                   = 5839372                                {pd product} {ergonomic}
    uintx NonProfiledCodeHeapSize                  = 122909434                              {pd product} {ergonomic}
    uintx ProfiledCodeHeapSize                     = 122909434                              {pd product} {ergonomic}
    uintx ReservedCodeCacheSize                    = 251658240                              {pd product} {ergonomic}
     bool SegmentedCodeCache                       = true                                      {product} {ergonomic}
   size_t SoftMaxHeapSize                          = 3189768192                             {manageable} {ergonomic}
     bool UseCompressedOops                        = true                           {product lp64_product} {ergonomic}
     bool UseG1GC                                  = true                                      {product} {ergonomic}
     bool UseLargePagesIndividualAllocation        = false                                  {pd product} {ergonomic}

Logging:
Log output configuration:
 #0: stdout all=warning uptime,level,tags foldmultilines=false
 #1: stderr all=off uptime,level,tags foldmultilines=false

Environment Variables:
JAVA_HOME=D:\jdk-22.0.1
PATH=D:\Scripts\;C:\Program Files (x86)\Common Files\Oracle\Java\javapath;C:\WINDOWS\system32;C:\WINDOWS;C:\WINDOWS\System32\Wbem;C:\WINDOWS\System32\WindowsPowerShell\v1.0\;C:\WINDOWS\System32\OpenSSH\;C:\xampp\php;C:\ProgramData\ComposerSetup\bin;C:\Program Files\dotnet\;D:\go\bin;C:\Users\Os 10\AppData\Roaming\npm;C:\Program Files\nodejs\;C:\Program Files\Microsoft SQL Server\150\Tools\Binn\;D:\gradle-7.6.4\bin;D:\jdk-22.0.1;D:\.\common;D:\;C:\Python27;C:\Program Files\Git\cmd;C:\Program Files\Docker\Docker\resources\bin;C:\Python27\Scripts;C:\Program Files\Microsoft SQL Server\Client SDK\ODBC\170\Tools\Binn\;D:\Downloads\platform-tools;D:\flutter\bin\cache\dart-sdk\bin;C:\Users\Os 10\AppData\Local\Pub\Cache\bin;C:\Users\Os 10\AppData\Roaming\npm;D:\xampp\php;D:\heroku\bin;C:\Users\Os 10\AppData\Local\Microsoft\WindowsApps;C:\Users\Os 10\go\bin;D:\Downloads\MinGW\bin;C:\Users\Os 10\AppData\Roaming\npm;C:\Users\Os 10\AppData\Local\JetBrains\Toolbox\scripts;C:\Python27;D:\jdk-22.0.1;C:\Users\Os 10\.dotnet\tools;D:\Microsoft VS Code\bin;D:\AMD\SDK\platform-tools;D:\AMD\SDK\cmdline-tools\latest\bin;D:\flutter\bin\cache\dart-sdk\bin;
USERNAME=Os 10
OS=Windows_NT
PROCESSOR_IDENTIFIER=Intel64 Family 6 Model 142 Stepping 12, GenuineIntel
TMP=C:\Users\OS10~1\AppData\Local\Temp
TEMP=C:\Users\OS10~1\AppData\Local\Temp




Periodic native trim disabled

---------------  S Y S T E M  ---------------

OS:
 Windows 11 , 64 bit Build 22621 (10.0.22621.4391)
OS uptime: 1 days 4:40 hours
Hyper-V role detected

CPU: total 8 (initial active 8) (4 cores per cpu, 2 threads per core) family 6 model 142 stepping 12 microcode 0xf8, cx8, cmov, fxsr, ht, mmx, 3dnowpref, sse, sse2, sse3, ssse3, sse4.1, sse4.2, popcnt, lzcnt, tsc, tscinvbit, avx, avx2, aes, erms, clmul, bmi1, bmi2, adx, fma, vzeroupper, clflush, clflushopt, hv, rdtscp, f16c
Processor Information for all 8 processors :
  Max Mhz: 1800, Current Mhz: 1600, Mhz Limit: 1584

Memory: 4k page, system-wide physical 12163M (1592M free)
TotalPageFile size 16495M (AvailPageFile size 65M)
current process WorkingSet (physical memory assigned to process): 12M, peak: 12M
current process commit charge ("private bytes"): 60M, peak: 252M

vm_info: Java HotSpot(TM) 64-Bit Server VM (22.0.1+8-16) for windows-amd64 JRE (22.0.1+8-16), built on 2024-03-12T10:33:16Z by "mach5one" with MS VC++ 17.6 (VS2022)

END.
