#
# There is insufficient memory for the Java Runtime Environment to continue.
# Native memory allocation (mmap) failed to map 65536 bytes for Failed to commit metaspace.
# Possible reasons:
#   The system is out of physical RAM or swap space
#   The process is running with CompressedOops enabled, and the Java Heap may be blocking the growth of the native heap
# Possible solutions:
#   Reduce memory load on the system
#   Increase physical memory or swap space
#   Check if swap backing store is full
#   Decrease Java heap size (-Xmx/-Xms)
#   Decrease number of Java threads
#   Decrease Java thread stack sizes (-Xss)
#   Set larger code cache with -XX:ReservedCodeCacheSize=
#   JVM is running with Zero Based Compressed Oops mode in which the Java heap is
#     placed in the first 32GB address space. The Java Heap base address is the
#     maximum limit for the native heap growth. Please use -XX:HeapBaseMinAddress
#     to set the Java Heap base and to place the Java Heap above 32GB virtual address.
# This output file may be truncated or incomplete.
#
#  Out of Memory Error (virtualSpaceNode.cpp:112), pid=2180, tid=10360
#
# JRE version: Java(TM) SE Runtime Environment (21.0.2+13) (build 21.0.2+13-LTS-58)
# Java VM: Java HotSpot(TM) 64-Bit Server VM (21.0.2+13-LTS-58, mixed mode, sharing, tiered, compressed oops, compressed class ptrs, g1 gc, windows-amd64)
# No core dump will be written. Minidumps are not enabled by default on client versions of Windows
#

---------------  S U M M A R Y ------------

Command Line: -javaagent:C:\Users\Os 10\AppData\Local\Programs\IntelliJ IDEA Community Edition\lib\idea_rt.jar=58130:C:\Users\Os 10\AppData\Local\Programs\IntelliJ IDEA Community Edition\bin -Dfile.encoding=UTF-8 -Dsun.stdout.encoding=UTF-8 -Dsun.stderr.encoding=UTF-8 ClassDiagram.Main

Host: Intel(R) Core(TM) i5-8265U CPU @ 1.60GHz, 8 cores, 11G,  Windows 11 , 64 bit Build 22621 (10.0.22621.4391)
Time: Fri Dec 20 19:58:31 2024 SE Asia Standard Time elapsed time: 0.262628 seconds (0d 0h 0m 0s)

---------------  T H R E A D  ---------------

Current thread (0x00000190703c0af0):  JavaThread "main"             [_thread_in_vm, id=10360, stack(0x00000002f2000000,0x00000002f2100000) (1024K)]

Stack: [0x00000002f2000000,0x00000002f2100000]
Native frames: (J=compiled Java code, j=interpreted, Vv=VM code, C=native code)
V  [jvm.dll+0x6cade9]
V  [jvm.dll+0x8569c1]
V  [jvm.dll+0x858d2e]
V  [jvm.dll+0x859413]
V  [jvm.dll+0x280e56]
V  [jvm.dll+0x8526ee]
V  [jvm.dll+0x66e705]
V  [jvm.dll+0x66e76a]
V  [jvm.dll+0x670f96]
V  [jvm.dll+0x670e62]
V  [jvm.dll+0x66f0de]
V  [jvm.dll+0x6ab9ee]
V  [jvm.dll+0x3be3d5]
V  [jvm.dll+0x3be2f5]
V  [jvm.dll+0x3d4227]
C  0x000001900754aa5c

The last pc belongs to anewarray (printed below).
Java frames: (J=compiled Java code, j=interpreted, Vv=VM code)
j  java.math.RoundingMode.$values()[Ljava/math/RoundingMode;+2 java.base@21.0.2
j  java.math.RoundingMode.<clinit>()V+116 java.base@21.0.2
v  ~StubRoutines::call_stub 0x000001900753100d
j  java.text.DigitList.<init>()V+23 java.base@21.0.2
j  java.text.DecimalFormat.<init>(Ljava/lang/String;Ljava/text/DecimalFormatSymbols;)V+9 java.base@21.0.2
j  sun.util.locale.provider.NumberFormatProviderImpl.getInstance(Ljava/util/Locale;I)Ljava/text/NumberFormat;+118 java.base@21.0.2
j  sun.util.locale.provider.NumberFormatProviderImpl.getNumberInstance(Ljava/util/Locale;)Ljava/text/NumberFormat;+3 java.base@21.0.2
j  java.text.NumberFormat.getInstance(Lsun/util/locale/provider/LocaleProviderAdapter;Ljava/util/Locale;Ljava/text/NumberFormat$Style;I)Ljava/text/NumberFormat;+47 java.base@21.0.2
j  java.text.NumberFormat.getInstance(Ljava/util/Locale;Ljava/text/NumberFormat$Style;I)Ljava/text/NumberFormat;+11 java.base@21.0.2
j  java.text.NumberFormat.getNumberInstance(Ljava/util/Locale;)Ljava/text/NumberFormat;+3 java.base@21.0.2
j  java.util.Scanner.useLocale(Ljava/util/Locale;)Ljava/util/Scanner;+31 java.base@21.0.2
j  java.util.Scanner.<init>(Ljava/lang/Readable;Ljava/util/regex/Pattern;)V+243 java.base@21.0.2
j  java.util.Scanner.<init>(Ljava/io/InputStream;)V+12 java.base@21.0.2
j  ClassDiagram.Main.<clinit>()V+7
v  ~StubRoutines::call_stub 0x000001900753100d
anewarray  189 anewarray  [0x000001900754a9e0, 0x000001900754aad0]  240 bytes
[MachCode]
  0x000001900754a9e0: 8b04 2448 | 83c4 0845 | 0fb7 4501 | 410f c841 | c1e8 1048 | 8b55 e848 | 8b52 0848 | 8b52 08e8 
  0x000001900754aa00: 0500 0000 | e9ab 0000 | 004c 8bc8 | 488d 4424 | 084c 896d | c049 8bcf | c5f8 7749 | 89af a803 
  0x000001900754aa20: 0000 4989 | 8798 0300 | 0048 83ec | 2040 f6c4 | 0f0f 8419 | 0000 0048 | 83ec 0848 | b8b0 4166 
  0x000001900754aa40: d1fb 7f00 | 00ff d048 | 83c4 08e9 | 0c00 0000 | 48b8 b041 | 66d1 fb7f | 0000 ffd0 | 4883 c420 
  0x000001900754aa60: 49c7 8798 | 0300 0000 | 0000 0049 | c787 a803 | 0000 0000 | 0000 49c7 | 87a0 0300 | 0000 0000 
  0x000001900754aa80: 00c5 f877 | 4983 7f08 | 000f 8405 | 0000 00e9 | 6c64 feff | 498b 87f0 | 0300 0049 | c787 f003 
  0x000001900754aaa0: 0000 0000 | 0000 4c8b | 6dc0 4c8b | 75c8 4e8d | 74f5 00c3 | 410f b65d | 0349 83c5 | 0349 ba00 
  0x000001900754aac0: 07ee d1fb | 7f00 0041 | ff24 da0f | 1f44 0000 
[/MachCode]

---------------  P R O C E S S  ---------------

Threads class SMR info:
_java_thread_list=0x000001907f4c5440, length=12, elements={
0x00000190703c0af0, 0x000001907f17f1e0, 0x000001907f17fef0, 0x000001907f1831d0,
0x000001907f186120, 0x000001907f186ee0, 0x000001907f188950, 0x000001907f18f000,
0x000001907f197f40, 0x000001907f149a30, 0x000001907f4c5600, 0x000001907f4cb280
}

Java Threads: ( => current thread )
=>0x00000190703c0af0 JavaThread "main"                              [_thread_in_vm, id=10360, stack(0x00000002f2000000,0x00000002f2100000) (1024K)]
  0x000001907f17f1e0 JavaThread "Reference Handler"          daemon [_thread_blocked, id=20196, stack(0x00000002f2800000,0x00000002f2900000) (1024K)]
  0x000001907f17fef0 JavaThread "Finalizer"                  daemon [_thread_blocked, id=12724, stack(0x00000002f2900000,0x00000002f2a00000) (1024K)]
  0x000001907f1831d0 JavaThread "Signal Dispatcher"          daemon [_thread_blocked, id=15520, stack(0x00000002f2a00000,0x00000002f2b00000) (1024K)]
  0x000001907f186120 JavaThread "Attach Listener"            daemon [_thread_blocked, id=22080, stack(0x00000002f2b00000,0x00000002f2c00000) (1024K)]
  0x000001907f186ee0 JavaThread "Service Thread"             daemon [_thread_blocked, id=6312, stack(0x00000002f2c00000,0x00000002f2d00000) (1024K)]
  0x000001907f188950 JavaThread "Monitor Deflation Thread"   daemon [_thread_blocked, id=20684, stack(0x00000002f2d00000,0x00000002f2e00000) (1024K)]
  0x000001907f18f000 JavaThread "C2 CompilerThread0"         daemon [_thread_blocked, id=21436, stack(0x00000002f2e00000,0x00000002f2f00000) (1024K)]
  0x000001907f197f40 JavaThread "C1 CompilerThread0"         daemon [_thread_blocked, id=17648, stack(0x00000002f2f00000,0x00000002f3000000) (1024K)]
  0x000001907f149a30 JavaThread "Common-Cleaner"             daemon [_thread_blocked, id=23880, stack(0x00000002f3000000,0x00000002f3100000) (1024K)]
  0x000001907f4c5600 JavaThread "Monitor Ctrl-Break"         daemon [_thread_in_native, id=19488, stack(0x00000002f3100000,0x00000002f3200000) (1024K)]
  0x000001907f4cb280 JavaThread "Notification Thread"        daemon [_thread_blocked, id=22716, stack(0x00000002f3200000,0x00000002f3300000) (1024K)]
Total: 12

Other Threads:
  0x000001907f160160 VMThread "VM Thread"                           [id=21900, stack(0x00000002f2700000,0x00000002f2800000) (1024K)]
  0x000001907f148ca0 WatcherThread "VM Periodic Task Thread"        [id=6704, stack(0x00000002f2600000,0x00000002f2700000) (1024K)]
  0x000001907051a900 WorkerThread "GC Thread#0"                     [id=8376, stack(0x00000002f2100000,0x00000002f2200000) (1024K)]
  0x00000190705276f0 ConcurrentGCThread "G1 Main Marker"            [id=13608, stack(0x00000002f2200000,0x00000002f2300000) (1024K)]
  0x00000190705283a0 WorkerThread "G1 Conc#0"                       [id=22200, stack(0x00000002f2300000,0x00000002f2400000) (1024K)]
  0x000001907f0220c0 ConcurrentGCThread "G1 Refine#0"               [id=20864, stack(0x00000002f2400000,0x00000002f2500000) (1024K)]
  0x0000019070585090 ConcurrentGCThread "G1 Service"                [id=140, stack(0x00000002f2500000,0x00000002f2600000) (1024K)]
Total: 7

Threads with active compile tasks:
Total: 0

VM state: not at safepoint (normal execution)

VM Mutex/Monitor currently owned by a thread:  ([mutex/lock_event])
[0x00007ffbd1ecace8] Metaspace_lock - owner thread: 0x00000190703c0af0
[0x00007ffbd1ecba68] MultiArray_lock - owner thread: 0x00000190703c0af0

Heap address: 0x0000000741e00000, size: 3042 MB, Compressed Oops mode: Zero based, Oop shift amount: 3

CDS archive(s) mapped at: [0x0000019011000000-0x0000019011c90000-0x0000019011c90000), size 13172736, SharedBaseAddress: 0x0000019011000000, ArchiveRelocationMode: 1.
Compressed class space mapped at: 0x0000019012000000-0x0000019052000000, reserved size: 1073741824
Narrow klass base: 0x0000019011000000, Narrow klass shift: 0, Narrow klass range: 0x100000000

GC Precious Log:
 CardTable entry size: 512
 Card Set container configuration: InlinePtr #cards 4 size 8 Array Of Cards #cards 16 size 48 Howl #buckets 8 coarsen threshold 3686 Howl Bitmap #cards 512 size 80 coarsen threshold 460 Card regions per heap region 1 cards per card region 4096
 CPUs: 8 total, 8 available
 Memory: 12163M
 Large Page Support: Disabled
 NUMA Support: Disabled
 Compressed Oops: Enabled (Zero based)
 Heap Region Size: 2M
 Heap Min Capacity: 8M
 Heap Initial Capacity: 192M
 Heap Max Capacity: 3042M
 Pre-touch: Disabled
 Parallel Workers: 8
 Concurrent Workers: 2
 Concurrent Refinement Workers: 8
 Periodic GC: Disabled

Heap:
 garbage-first heap   total 196608K, used 4096K [0x0000000741e00000, 0x0000000800000000)
  region size 2048K, 3 young (6144K), 0 survivors (0K)
 Metaspace       used 933K, committed 1024K, reserved 1114112K
  class space    used 71K, committed 128K, reserved 1048576K

Heap Regions: E=young(eden), S=young(survivor), O=old, HS=humongous(starts), HC=humongous(continues), CS=collection set, F=free, TAMS=top-at-mark-start, PB=parsable bottom
|   0|0x0000000741e00000, 0x0000000741e00000, 0x0000000742000000|  0%| F|  |TAMS 0x0000000741e00000| PB 0x0000000741e00000| Untracked 
|   1|0x0000000742000000, 0x0000000742000000, 0x0000000742200000|  0%| F|  |TAMS 0x0000000742000000| PB 0x0000000742000000| Untracked 
|   2|0x0000000742200000, 0x0000000742200000, 0x0000000742400000|  0%| F|  |TAMS 0x0000000742200000| PB 0x0000000742200000| Untracked 
|   3|0x0000000742400000, 0x0000000742400000, 0x0000000742600000|  0%| F|  |TAMS 0x0000000742400000| PB 0x0000000742400000| Untracked 
|   4|0x0000000742600000, 0x0000000742600000, 0x0000000742800000|  0%| F|  |TAMS 0x0000000742600000| PB 0x0000000742600000| Untracked 
|   5|0x0000000742800000, 0x0000000742800000, 0x0000000742a00000|  0%| F|  |TAMS 0x0000000742800000| PB 0x0000000742800000| Untracked 
|   6|0x0000000742a00000, 0x0000000742a00000, 0x0000000742c00000|  0%| F|  |TAMS 0x0000000742a00000| PB 0x0000000742a00000| Untracked 
|   7|0x0000000742c00000, 0x0000000742c00000, 0x0000000742e00000|  0%| F|  |TAMS 0x0000000742c00000| PB 0x0000000742c00000| Untracked 
|   8|0x0000000742e00000, 0x0000000742e00000, 0x0000000743000000|  0%| F|  |TAMS 0x0000000742e00000| PB 0x0000000742e00000| Untracked 
|   9|0x0000000743000000, 0x0000000743000000, 0x0000000743200000|  0%| F|  |TAMS 0x0000000743000000| PB 0x0000000743000000| Untracked 
|  10|0x0000000743200000, 0x0000000743200000, 0x0000000743400000|  0%| F|  |TAMS 0x0000000743200000| PB 0x0000000743200000| Untracked 
|  11|0x0000000743400000, 0x0000000743400000, 0x0000000743600000|  0%| F|  |TAMS 0x0000000743400000| PB 0x0000000743400000| Untracked 
|  12|0x0000000743600000, 0x0000000743600000, 0x0000000743800000|  0%| F|  |TAMS 0x0000000743600000| PB 0x0000000743600000| Untracked 
|  13|0x0000000743800000, 0x0000000743800000, 0x0000000743a00000|  0%| F|  |TAMS 0x0000000743800000| PB 0x0000000743800000| Untracked 
|  14|0x0000000743a00000, 0x0000000743a00000, 0x0000000743c00000|  0%| F|  |TAMS 0x0000000743a00000| PB 0x0000000743a00000| Untracked 
|  15|0x0000000743c00000, 0x0000000743c00000, 0x0000000743e00000|  0%| F|  |TAMS 0x0000000743c00000| PB 0x0000000743c00000| Untracked 
|  16|0x0000000743e00000, 0x0000000743e00000, 0x0000000744000000|  0%| F|  |TAMS 0x0000000743e00000| PB 0x0000000743e00000| Untracked 
|  17|0x0000000744000000, 0x0000000744000000, 0x0000000744200000|  0%| F|  |TAMS 0x0000000744000000| PB 0x0000000744000000| Untracked 
|  18|0x0000000744200000, 0x0000000744200000, 0x0000000744400000|  0%| F|  |TAMS 0x0000000744200000| PB 0x0000000744200000| Untracked 
|  19|0x0000000744400000, 0x0000000744400000, 0x0000000744600000|  0%| F|  |TAMS 0x0000000744400000| PB 0x0000000744400000| Untracked 
|  20|0x0000000744600000, 0x0000000744600000, 0x0000000744800000|  0%| F|  |TAMS 0x0000000744600000| PB 0x0000000744600000| Untracked 
|  21|0x0000000744800000, 0x0000000744800000, 0x0000000744a00000|  0%| F|  |TAMS 0x0000000744800000| PB 0x0000000744800000| Untracked 
|  22|0x0000000744a00000, 0x0000000744a00000, 0x0000000744c00000|  0%| F|  |TAMS 0x0000000744a00000| PB 0x0000000744a00000| Untracked 
|  23|0x0000000744c00000, 0x0000000744c00000, 0x0000000744e00000|  0%| F|  |TAMS 0x0000000744c00000| PB 0x0000000744c00000| Untracked 
|  24|0x0000000744e00000, 0x0000000744e00000, 0x0000000745000000|  0%| F|  |TAMS 0x0000000744e00000| PB 0x0000000744e00000| Untracked 
|  25|0x0000000745000000, 0x0000000745000000, 0x0000000745200000|  0%| F|  |TAMS 0x0000000745000000| PB 0x0000000745000000| Untracked 
|  26|0x0000000745200000, 0x0000000745200000, 0x0000000745400000|  0%| F|  |TAMS 0x0000000745200000| PB 0x0000000745200000| Untracked 
|  27|0x0000000745400000, 0x0000000745400000, 0x0000000745600000|  0%| F|  |TAMS 0x0000000745400000| PB 0x0000000745400000| Untracked 
|  28|0x0000000745600000, 0x0000000745600000, 0x0000000745800000|  0%| F|  |TAMS 0x0000000745600000| PB 0x0000000745600000| Untracked 
|  29|0x0000000745800000, 0x0000000745800000, 0x0000000745a00000|  0%| F|  |TAMS 0x0000000745800000| PB 0x0000000745800000| Untracked 
|  30|0x0000000745a00000, 0x0000000745a00000, 0x0000000745c00000|  0%| F|  |TAMS 0x0000000745a00000| PB 0x0000000745a00000| Untracked 
|  31|0x0000000745c00000, 0x0000000745c00000, 0x0000000745e00000|  0%| F|  |TAMS 0x0000000745c00000| PB 0x0000000745c00000| Untracked 
|  32|0x0000000745e00000, 0x0000000745e00000, 0x0000000746000000|  0%| F|  |TAMS 0x0000000745e00000| PB 0x0000000745e00000| Untracked 
|  33|0x0000000746000000, 0x0000000746000000, 0x0000000746200000|  0%| F|  |TAMS 0x0000000746000000| PB 0x0000000746000000| Untracked 
|  34|0x0000000746200000, 0x0000000746200000, 0x0000000746400000|  0%| F|  |TAMS 0x0000000746200000| PB 0x0000000746200000| Untracked 
|  35|0x0000000746400000, 0x0000000746400000, 0x0000000746600000|  0%| F|  |TAMS 0x0000000746400000| PB 0x0000000746400000| Untracked 
|  36|0x0000000746600000, 0x0000000746600000, 0x0000000746800000|  0%| F|  |TAMS 0x0000000746600000| PB 0x0000000746600000| Untracked 
|  37|0x0000000746800000, 0x0000000746800000, 0x0000000746a00000|  0%| F|  |TAMS 0x0000000746800000| PB 0x0000000746800000| Untracked 
|  38|0x0000000746a00000, 0x0000000746a00000, 0x0000000746c00000|  0%| F|  |TAMS 0x0000000746a00000| PB 0x0000000746a00000| Untracked 
|  39|0x0000000746c00000, 0x0000000746c00000, 0x0000000746e00000|  0%| F|  |TAMS 0x0000000746c00000| PB 0x0000000746c00000| Untracked 
|  40|0x0000000746e00000, 0x0000000746e00000, 0x0000000747000000|  0%| F|  |TAMS 0x0000000746e00000| PB 0x0000000746e00000| Untracked 
|  41|0x0000000747000000, 0x0000000747000000, 0x0000000747200000|  0%| F|  |TAMS 0x0000000747000000| PB 0x0000000747000000| Untracked 
|  42|0x0000000747200000, 0x0000000747200000, 0x0000000747400000|  0%| F|  |TAMS 0x0000000747200000| PB 0x0000000747200000| Untracked 
|  43|0x0000000747400000, 0x0000000747400000, 0x0000000747600000|  0%| F|  |TAMS 0x0000000747400000| PB 0x0000000747400000| Untracked 
|  44|0x0000000747600000, 0x0000000747600000, 0x0000000747800000|  0%| F|  |TAMS 0x0000000747600000| PB 0x0000000747600000| Untracked 
|  45|0x0000000747800000, 0x0000000747800000, 0x0000000747a00000|  0%| F|  |TAMS 0x0000000747800000| PB 0x0000000747800000| Untracked 
|  46|0x0000000747a00000, 0x0000000747a00000, 0x0000000747c00000|  0%| F|  |TAMS 0x0000000747a00000| PB 0x0000000747a00000| Untracked 
|  47|0x0000000747c00000, 0x0000000747c00000, 0x0000000747e00000|  0%| F|  |TAMS 0x0000000747c00000| PB 0x0000000747c00000| Untracked 
|  48|0x0000000747e00000, 0x0000000747e00000, 0x0000000748000000|  0%| F|  |TAMS 0x0000000747e00000| PB 0x0000000747e00000| Untracked 
|  49|0x0000000748000000, 0x0000000748000000, 0x0000000748200000|  0%| F|  |TAMS 0x0000000748000000| PB 0x0000000748000000| Untracked 
|  50|0x0000000748200000, 0x0000000748200000, 0x0000000748400000|  0%| F|  |TAMS 0x0000000748200000| PB 0x0000000748200000| Untracked 
|  51|0x0000000748400000, 0x0000000748400000, 0x0000000748600000|  0%| F|  |TAMS 0x0000000748400000| PB 0x0000000748400000| Untracked 
|  52|0x0000000748600000, 0x0000000748600000, 0x0000000748800000|  0%| F|  |TAMS 0x0000000748600000| PB 0x0000000748600000| Untracked 
|  53|0x0000000748800000, 0x0000000748800000, 0x0000000748a00000|  0%| F|  |TAMS 0x0000000748800000| PB 0x0000000748800000| Untracked 
|  54|0x0000000748a00000, 0x0000000748a00000, 0x0000000748c00000|  0%| F|  |TAMS 0x0000000748a00000| PB 0x0000000748a00000| Untracked 
|  55|0x0000000748c00000, 0x0000000748c00000, 0x0000000748e00000|  0%| F|  |TAMS 0x0000000748c00000| PB 0x0000000748c00000| Untracked 
|  56|0x0000000748e00000, 0x0000000748e00000, 0x0000000749000000|  0%| F|  |TAMS 0x0000000748e00000| PB 0x0000000748e00000| Untracked 
|  57|0x0000000749000000, 0x0000000749000000, 0x0000000749200000|  0%| F|  |TAMS 0x0000000749000000| PB 0x0000000749000000| Untracked 
|  58|0x0000000749200000, 0x0000000749200000, 0x0000000749400000|  0%| F|  |TAMS 0x0000000749200000| PB 0x0000000749200000| Untracked 
|  59|0x0000000749400000, 0x0000000749400000, 0x0000000749600000|  0%| F|  |TAMS 0x0000000749400000| PB 0x0000000749400000| Untracked 
|  60|0x0000000749600000, 0x0000000749600000, 0x0000000749800000|  0%| F|  |TAMS 0x0000000749600000| PB 0x0000000749600000| Untracked 
|  61|0x0000000749800000, 0x0000000749800000, 0x0000000749a00000|  0%| F|  |TAMS 0x0000000749800000| PB 0x0000000749800000| Untracked 
|  62|0x0000000749a00000, 0x0000000749a00000, 0x0000000749c00000|  0%| F|  |TAMS 0x0000000749a00000| PB 0x0000000749a00000| Untracked 
|  63|0x0000000749c00000, 0x0000000749c00000, 0x0000000749e00000|  0%| F|  |TAMS 0x0000000749c00000| PB 0x0000000749c00000| Untracked 
|  64|0x0000000749e00000, 0x0000000749e00000, 0x000000074a000000|  0%| F|  |TAMS 0x0000000749e00000| PB 0x0000000749e00000| Untracked 
|  65|0x000000074a000000, 0x000000074a000000, 0x000000074a200000|  0%| F|  |TAMS 0x000000074a000000| PB 0x000000074a000000| Untracked 
|  66|0x000000074a200000, 0x000000074a200000, 0x000000074a400000|  0%| F|  |TAMS 0x000000074a200000| PB 0x000000074a200000| Untracked 
|  67|0x000000074a400000, 0x000000074a400000, 0x000000074a600000|  0%| F|  |TAMS 0x000000074a400000| PB 0x000000074a400000| Untracked 
|  68|0x000000074a600000, 0x000000074a600000, 0x000000074a800000|  0%| F|  |TAMS 0x000000074a600000| PB 0x000000074a600000| Untracked 
|  69|0x000000074a800000, 0x000000074a800000, 0x000000074aa00000|  0%| F|  |TAMS 0x000000074a800000| PB 0x000000074a800000| Untracked 
|  70|0x000000074aa00000, 0x000000074aa00000, 0x000000074ac00000|  0%| F|  |TAMS 0x000000074aa00000| PB 0x000000074aa00000| Untracked 
|  71|0x000000074ac00000, 0x000000074ac00000, 0x000000074ae00000|  0%| F|  |TAMS 0x000000074ac00000| PB 0x000000074ac00000| Untracked 
|  72|0x000000074ae00000, 0x000000074ae00000, 0x000000074b000000|  0%| F|  |TAMS 0x000000074ae00000| PB 0x000000074ae00000| Untracked 
|  73|0x000000074b000000, 0x000000074b000000, 0x000000074b200000|  0%| F|  |TAMS 0x000000074b000000| PB 0x000000074b000000| Untracked 
|  74|0x000000074b200000, 0x000000074b200000, 0x000000074b400000|  0%| F|  |TAMS 0x000000074b200000| PB 0x000000074b200000| Untracked 
|  75|0x000000074b400000, 0x000000074b400000, 0x000000074b600000|  0%| F|  |TAMS 0x000000074b400000| PB 0x000000074b400000| Untracked 
|  76|0x000000074b600000, 0x000000074b600000, 0x000000074b800000|  0%| F|  |TAMS 0x000000074b600000| PB 0x000000074b600000| Untracked 
|  77|0x000000074b800000, 0x000000074b800000, 0x000000074ba00000|  0%| F|  |TAMS 0x000000074b800000| PB 0x000000074b800000| Untracked 
|  78|0x000000074ba00000, 0x000000074ba00000, 0x000000074bc00000|  0%| F|  |TAMS 0x000000074ba00000| PB 0x000000074ba00000| Untracked 
|  79|0x000000074bc00000, 0x000000074bc00000, 0x000000074be00000|  0%| F|  |TAMS 0x000000074bc00000| PB 0x000000074bc00000| Untracked 
|  80|0x000000074be00000, 0x000000074be00000, 0x000000074c000000|  0%| F|  |TAMS 0x000000074be00000| PB 0x000000074be00000| Untracked 
|  81|0x000000074c000000, 0x000000074c000000, 0x000000074c200000|  0%| F|  |TAMS 0x000000074c000000| PB 0x000000074c000000| Untracked 
|  82|0x000000074c200000, 0x000000074c200000, 0x000000074c400000|  0%| F|  |TAMS 0x000000074c200000| PB 0x000000074c200000| Untracked 
|  83|0x000000074c400000, 0x000000074c400000, 0x000000074c600000|  0%| F|  |TAMS 0x000000074c400000| PB 0x000000074c400000| Untracked 
|  84|0x000000074c600000, 0x000000074c600000, 0x000000074c800000|  0%| F|  |TAMS 0x000000074c600000| PB 0x000000074c600000| Untracked 
|  85|0x000000074c800000, 0x000000074c800000, 0x000000074ca00000|  0%| F|  |TAMS 0x000000074c800000| PB 0x000000074c800000| Untracked 
|  86|0x000000074ca00000, 0x000000074ca00000, 0x000000074cc00000|  0%| F|  |TAMS 0x000000074ca00000| PB 0x000000074ca00000| Untracked 
|  87|0x000000074cc00000, 0x000000074cc00000, 0x000000074ce00000|  0%| F|  |TAMS 0x000000074cc00000| PB 0x000000074cc00000| Untracked 
|  88|0x000000074ce00000, 0x000000074ce00000, 0x000000074d000000|  0%| F|  |TAMS 0x000000074ce00000| PB 0x000000074ce00000| Untracked 
|  89|0x000000074d000000, 0x000000074d000000, 0x000000074d200000|  0%| F|  |TAMS 0x000000074d000000| PB 0x000000074d000000| Untracked 
|  90|0x000000074d200000, 0x000000074d200000, 0x000000074d400000|  0%| F|  |TAMS 0x000000074d200000| PB 0x000000074d200000| Untracked 
|  91|0x000000074d400000, 0x000000074d400000, 0x000000074d600000|  0%| F|  |TAMS 0x000000074d400000| PB 0x000000074d400000| Untracked 
|  92|0x000000074d600000, 0x000000074d600000, 0x000000074d800000|  0%| F|  |TAMS 0x000000074d600000| PB 0x000000074d600000| Untracked 
|  93|0x000000074d800000, 0x000000074d871a68, 0x000000074da00000| 22%| E|  |TAMS 0x000000074d800000| PB 0x000000074d800000| Complete 
|  94|0x000000074da00000, 0x000000074dc00000, 0x000000074dc00000|100%| E|CS|TAMS 0x000000074da00000| PB 0x000000074da00000| Complete 
|  95|0x000000074dc00000, 0x000000074de00000, 0x000000074de00000|100%| E|CS|TAMS 0x000000074dc00000| PB 0x000000074dc00000| Complete 

Card table byte_map: [0x000001907b170000,0x000001907b770000] _byte_map_base: 0x0000019077761000

Marking Bits: (CMBitMap*) 0x000001907051b000
 Bits: [0x000001907b770000, 0x000001907e6f8000)

Polling page: 0x0000019070590000

Metaspace:

Usage:
  Non-class:    862.05 KB used.
      Class:     71.90 KB used.
       Both:    933.95 KB used.

Virtual space:
  Non-class space:       64.00 MB reserved,     896.00 KB (  1%) committed,  1 nodes.
      Class space:        1.00 GB reserved,     128.00 KB ( <1%) committed,  1 nodes.
             Both:        1.06 GB reserved,       1.00 MB ( <1%) committed. 

Chunk freelists:
   Non-Class:  11.96 MB
       Class:  15.73 MB
        Both:  27.69 MB

MaxMetaspaceSize: unlimited
CompressedClassSpaceSize: 1.00 GB
Initial GC threshold: 21.00 MB
Current GC threshold: 21.00 MB
CDS: on
 - commit_granule_bytes: 65536.
 - commit_granule_words: 8192.
 - virtual_space_node_default_size: 8388608.
 - enlarge_chunks_in_place: 1.
 - use_allocation_guard: 0.


Internal statistics:

num_allocs_failed_limit: 0.
num_arena_births: 26.
num_arena_deaths: 0.
num_vsnodes_births: 2.
num_vsnodes_deaths: 0.
num_space_committed: 16.
num_space_uncommitted: 0.
num_chunks_returned_to_freelist: 0.
num_chunks_taken_from_freelist: 32.
num_chunk_merges: 0.
num_chunk_splits: 20.
num_chunks_enlarged: 11.
num_inconsistent_stats: 0.

CodeHeap 'non-profiled nmethods': size=120000Kb used=102Kb max_used=102Kb free=119897Kb
 bounds [0x0000019007ad0000, 0x0000019007d40000, 0x000001900f000000]
CodeHeap 'profiled nmethods': size=120000Kb used=299Kb max_used=299Kb free=119700Kb
 bounds [0x0000019000000000, 0x0000019000270000, 0x0000019007530000]
CodeHeap 'non-nmethods': size=5760Kb used=1312Kb max_used=1329Kb free=4448Kb
 bounds [0x0000019007530000, 0x00000190077a0000, 0x0000019007ad0000]
 total_blobs=702 nmethods=278 adapters=329
 compilation: enabled
              stopped_count=0, restarted_count=0
 full_count=0

Compilation events (20 events):
Event: 0.255 Thread 0x000001907f197f40 nmethod 267 0x0000019000047190 code [0x0000019000047340, 0x0000019000047620]
Event: 0.255 Thread 0x000001907f18f000  263       4       java.util.regex.Matcher::search (154 bytes)
Event: 0.255 Thread 0x000001907f197f40  268       3       java.lang.reflect.Modifier::isStatic (13 bytes)
Event: 0.255 Thread 0x000001907f197f40 nmethod 268 0x0000019000047710 code [0x00000190000478a0, 0x00000190000479e8]
Event: 0.255 Thread 0x000001907f197f40  270       3       java.lang.reflect.Modifier::isProtected (12 bytes)
Event: 0.255 Thread 0x000001907f197f40 nmethod 270 0x0000019000047a90 code [0x0000019000047c20, 0x0000019000047d68]
Event: 0.255 Thread 0x000001907f197f40  271       3       java.lang.reflect.Modifier::isPublic (12 bytes)
Event: 0.256 Thread 0x000001907f197f40 nmethod 271 0x0000019000047e10 code [0x0000019000047fa0, 0x00000190000480e8]
Event: 0.256 Thread 0x000001907f197f40  273       3       java.lang.invoke.LambdaForm::forceInterpretation (14 bytes)
Event: 0.256 Thread 0x000001907f197f40 nmethod 273 0x0000019000048190 code [0x0000019000048320, 0x0000019000048488]
Event: 0.256 Thread 0x000001907f197f40  272       3       java.lang.invoke.MethodTypeForm::canonicalize (59 bytes)
Event: 0.256 Thread 0x000001907f197f40 nmethod 272 0x0000019000048510 code [0x0000019000048700, 0x0000019000048a20]
Event: 0.256 Thread 0x000001907f197f40  274       3       java.lang.invoke.MethodTypeForm::canonicalizeAll (63 bytes)
Event: 0.257 Thread 0x000001907f197f40 nmethod 274 0x0000019000048b90 code [0x0000019000048d80, 0x00000190000493d0]
Event: 0.257 Thread 0x000001907f197f40  277       3       java.lang.StringLatin1::lastIndexOf (40 bytes)
Event: 0.257 Thread 0x000001907f197f40 nmethod 277 0x0000019000049590 code [0x0000019000049760, 0x0000019000049b50]
Event: 0.257 Thread 0x000001907f197f40  275       3       sun.invoke.util.VerifyAccess::isSamePackage (37 bytes)
Event: 0.258 Thread 0x000001907f197f40 nmethod 275 0x0000019000049c90 code [0x0000019000049ea0, 0x000001900004a438]
Event: 0.258 Thread 0x000001907f197f40  276       3       java.util.Arrays::copyOf (33 bytes)
Event: 0.258 Thread 0x000001907f197f40 nmethod 276 0x000001900004a610 code [0x000001900004a800, 0x000001900004acf8]

GC Heap History (0 events):
No events

Dll operation events (10 events):
Event: 0.023 Loaded shared library D:\jdk-21.0.2\bin\java.dll
Event: 0.089 Loaded shared library D:\jdk-21.0.2\bin\jsvml.dll
Event: 0.174 Loaded shared library D:\jdk-21.0.2\bin\zip.dll
Event: 0.180 Loaded shared library D:\jdk-21.0.2\bin\instrument.dll
Event: 0.191 Loaded shared library D:\jdk-21.0.2\bin\net.dll
Event: 0.194 Loaded shared library D:\jdk-21.0.2\bin\nio.dll
Event: 0.201 Loaded shared library D:\jdk-21.0.2\bin\zip.dll
Event: 0.216 Loaded shared library C:\Users\Os 10\AppData\Local\Programs\IntelliJ IDEA Community Edition\bin\breakgen64.dll
Event: 0.231 Loaded shared library D:\jdk-21.0.2\bin\extnet.dll
Event: 0.236 Loaded shared library D:\jdk-21.0.2\bin\jimage.dll

Deoptimization events (8 events):
Event: 0.219 Thread 0x00000190703c0af0 Uncommon trap: trap_request=0xffffff45 fr.pc=0x0000019007ae008c relative=0x000000000000006c
Event: 0.219 Thread 0x00000190703c0af0 Uncommon trap: reason=unstable_if action=reinterpret pc=0x0000019007ae008c method=java.lang.String.isLatin1()Z @ 10 c2
Event: 0.219 Thread 0x00000190703c0af0 DEOPT PACKING pc=0x0000019007ae008c sp=0x00000002f20fe4a0
Event: 0.219 Thread 0x00000190703c0af0 DEOPT UNPACKING pc=0x00000190075846a2 sp=0x00000002f20fe430 mode 2
Event: 0.219 Thread 0x00000190703c0af0 Uncommon trap: trap_request=0xffffff45 fr.pc=0x0000019007ae1eec relative=0x00000000000000cc
Event: 0.219 Thread 0x00000190703c0af0 Uncommon trap: reason=unstable_if action=reinterpret pc=0x0000019007ae1eec method=java.lang.String.isLatin1()Z @ 10 c2
Event: 0.219 Thread 0x00000190703c0af0 DEOPT PACKING pc=0x0000019007ae1eec sp=0x00000002f20fefc0
Event: 0.219 Thread 0x00000190703c0af0 DEOPT UNPACKING pc=0x00000190075846a2 sp=0x00000002f20fef00 mode 2

Classes loaded (20 events):
Event: 0.240 Loading class java/io/BufferedReader
Event: 0.241 Loading class java/io/BufferedReader done
Event: 0.241 Loading class java/net/Socket$SocketInputStream
Event: 0.241 Loading class java/net/Socket$SocketInputStream done
Event: 0.241 Loading class sun/nio/ch/NioSocketImpl$1
Event: 0.241 Loading class sun/nio/ch/NioSocketImpl$1 done
Event: 0.241 Loading class sun/nio/cs/US_ASCII$Decoder
Event: 0.241 Loading class sun/nio/cs/US_ASCII$Decoder done
Event: 0.242 Loading class sun/nio/ch/Util
Event: 0.242 Loading class sun/nio/ch/Util done
Event: 0.242 Loading class sun/nio/ch/Util$1
Event: 0.242 Loading class sun/nio/ch/Util$1 done
Event: 0.242 Loading class sun/nio/ch/Util$BufferCache
Event: 0.242 Loading class sun/nio/ch/Util$BufferCache done
Event: 0.243 Loading class java/nio/DirectByteBuffer$Deallocator
Event: 0.243 Loading class java/nio/DirectByteBuffer$Deallocator done
Event: 0.251 Loading class sun/text/resources/cldr/FormatData_en
Event: 0.252 Loading class sun/text/resources/cldr/FormatData_en done
Event: 0.252 Loading class sun/text/resources/cldr/FormatData_en_US
Event: 0.252 Loading class sun/text/resources/cldr/FormatData_en_US done

Classes unloaded (0 events):
No events

Classes redefined (0 events):
No events

Internal exceptions (3 events):
Event: 0.203 Thread 0x00000190703c0af0 Exception <a 'java/lang/NoSuchMethodError'{0x000000074daf9e88}: 'void java.lang.invoke.DirectMethodHandle$Holder.invokeStatic(java.lang.Object, java.lang.Object, java.lang.Object)'> (0x000000074daf9e88) 
thrown [s\open\src\hotspot\share\interpreter\linkResolver.cpp, line 773]
Event: 0.211 Thread 0x00000190703c0af0 Exception <a 'java/lang/NoSuchMethodError'{0x000000074db11390}: 'java.lang.Object java.lang.invoke.Invokers$Holder.invokeExact_MT(java.lang.Object, java.lang.Object, java.lang.Object, java.lang.Object, java.lang.Object)'> (0x000000074db11390) 
thrown [s\open\src\hotspot\share\interpreter\linkResolver.cpp, line 773]
Event: 0.233 Thread 0x000001907f4c5600 Exception <a 'java/lang/NoSuchMethodError'{0x000000074db5b0e8}: 'void java.lang.invoke.DirectMethodHandle$Holder.invokeStatic(java.lang.Object, java.lang.Object)'> (0x000000074db5b0e8) 
thrown [s\open\src\hotspot\share\interpreter\linkResolver.cpp, line 773]

ZGC Phase Switch (0 events):
No events

VM Operations (2 events):
Event: 0.149 Executing VM operation: HandshakeAllThreads (Deoptimize)
Event: 0.149 Executing VM operation: HandshakeAllThreads (Deoptimize) done

Events (12 events):
Event: 0.053 Thread 0x00000190703c0af0 Thread added: 0x00000190703c0af0
Event: 0.084 Thread 0x000001907f17f1e0 Thread added: 0x000001907f17f1e0
Event: 0.085 Thread 0x000001907f17fef0 Thread added: 0x000001907f17fef0
Event: 0.085 Thread 0x000001907f1831d0 Thread added: 0x000001907f1831d0
Event: 0.085 Thread 0x000001907f186120 Thread added: 0x000001907f186120
Event: 0.085 Thread 0x000001907f186ee0 Thread added: 0x000001907f186ee0
Event: 0.086 Thread 0x000001907f188950 Thread added: 0x000001907f188950
Event: 0.086 Thread 0x000001907f18f000 Thread added: 0x000001907f18f000
Event: 0.086 Thread 0x000001907f197f40 Thread added: 0x000001907f197f40
Event: 0.136 Thread 0x000001907f149a30 Thread added: 0x000001907f149a30
Event: 0.217 Thread 0x000001907f4c5600 Thread added: 0x000001907f4c5600
Event: 0.218 Thread 0x000001907f4cb280 Thread added: 0x000001907f4cb280


Dynamic libraries:
0x00007ff689a80000 - 0x00007ff689a90000 	D:\jdk-21.0.2\bin\java.exe
0x00007ffc30ad0000 - 0x00007ffc30ce7000 	C:\WINDOWS\SYSTEM32\ntdll.dll
0x00007ffc2f300000 - 0x00007ffc2f3c4000 	C:\WINDOWS\System32\KERNEL32.DLL
0x00007ffc2e410000 - 0x00007ffc2e7ca000 	C:\WINDOWS\System32\KERNELBASE.dll
0x00007ffc2de50000 - 0x00007ffc2df61000 	C:\WINDOWS\System32\ucrtbase.dll
0x00007ffc23c50000 - 0x00007ffc23c69000 	D:\jdk-21.0.2\bin\jli.dll
0x00007ffc1c7e0000 - 0x00007ffc1c7fb000 	D:\jdk-21.0.2\bin\VCRUNTIME140.dll
0x00007ffc2e7f0000 - 0x00007ffc2e8a2000 	C:\WINDOWS\System32\ADVAPI32.dll
0x00007ffc2eec0000 - 0x00007ffc2ef67000 	C:\WINDOWS\System32\msvcrt.dll
0x00007ffc2ee10000 - 0x00007ffc2eeb7000 	C:\WINDOWS\System32\sechost.dll
0x00007ffc2e2a0000 - 0x00007ffc2e2c8000 	C:\WINDOWS\System32\bcrypt.dll
0x00007ffc2f1c0000 - 0x00007ffc2f2d4000 	C:\WINDOWS\System32\RPCRT4.dll
0x00007ffc2ff90000 - 0x00007ffc3013e000 	C:\WINDOWS\System32\USER32.dll
0x00007ffc2de20000 - 0x00007ffc2de46000 	C:\WINDOWS\System32\win32u.dll
0x00007ffc30380000 - 0x00007ffc303a9000 	C:\WINDOWS\System32\GDI32.dll
0x00007ffc2df70000 - 0x00007ffc2e08b000 	C:\WINDOWS\System32\gdi32full.dll
0x00007ffc2e200000 - 0x00007ffc2e29a000 	C:\WINDOWS\System32\msvcp_win.dll
0x00007ffc0a4d0000 - 0x00007ffc0a762000 	C:\WINDOWS\WinSxS\amd64_microsoft.windows.common-controls_6595b64144ccf1df_6.0.22621.4541_none_2710d1c57384c085\COMCTL32.dll
0x00007ffc22620000 - 0x00007ffc2262a000 	C:\WINDOWS\SYSTEM32\VERSION.dll
0x00007ffc2edd0000 - 0x00007ffc2ee01000 	C:\WINDOWS\System32\IMM32.DLL
0x00007ffc1c7d0000 - 0x00007ffc1c7dc000 	D:\jdk-21.0.2\bin\vcruntime140_1.dll
0x00007ffc17bb0000 - 0x00007ffc17c3e000 	D:\jdk-21.0.2\bin\msvcp140.dll
0x00007ffbd1290000 - 0x00007ffbd1fa7000 	D:\jdk-21.0.2\bin\server\jvm.dll
0x00007ffc2ed40000 - 0x00007ffc2edb1000 	C:\WINDOWS\System32\WS2_32.dll
0x00007ffc2dbc0000 - 0x00007ffc2dc0d000 	C:\WINDOWS\SYSTEM32\POWRPROF.dll
0x00007ffc230d0000 - 0x00007ffc23104000 	C:\WINDOWS\SYSTEM32\WINMM.dll
0x00007ffc2daa0000 - 0x00007ffc2dab3000 	C:\WINDOWS\SYSTEM32\UMPDC.dll
0x00007ffc2cda0000 - 0x00007ffc2cdb8000 	C:\WINDOWS\SYSTEM32\kernel.appcore.dll
0x00007ffc1c620000 - 0x00007ffc1c62a000 	D:\jdk-21.0.2\bin\jimage.dll
0x00007ffc2b890000 - 0x00007ffc2bac2000 	C:\WINDOWS\SYSTEM32\DBGHELP.DLL
0x00007ffc30580000 - 0x00007ffc3090f000 	C:\WINDOWS\System32\combase.dll
0x00007ffc2f0d0000 - 0x00007ffc2f1a7000 	C:\WINDOWS\System32\OLEAUT32.dll
0x00007ffc1a210000 - 0x00007ffc1a242000 	C:\WINDOWS\SYSTEM32\dbgcore.DLL
0x00007ffc2e390000 - 0x00007ffc2e40b000 	C:\WINDOWS\System32\bcryptPrimitives.dll
0x00007ffc18080000 - 0x00007ffc1808f000 	D:\jdk-21.0.2\bin\instrument.dll
0x00007ffc17c70000 - 0x00007ffc17c8f000 	D:\jdk-21.0.2\bin\java.dll
0x00007ffc2f6a0000 - 0x00007ffc2ff18000 	C:\WINDOWS\System32\SHELL32.dll
0x00007ffc2bc90000 - 0x00007ffc2c598000 	C:\WINDOWS\SYSTEM32\windows.storage.dll
0x00007ffc2bb50000 - 0x00007ffc2bc8f000 	C:\WINDOWS\SYSTEM32\wintypes.dll
0x00007ffc2f5a0000 - 0x00007ffc2f69a000 	C:\WINDOWS\System32\SHCORE.dll
0x00007ffc30520000 - 0x00007ffc3057e000 	C:\WINDOWS\System32\shlwapi.dll
0x00007ffc2dcd0000 - 0x00007ffc2dcfb000 	C:\WINDOWS\SYSTEM32\profapi.dll
0x00007ffc13040000 - 0x00007ffc13117000 	D:\jdk-21.0.2\bin\jsvml.dll
0x00007ffc13150000 - 0x00007ffc13168000 	D:\jdk-21.0.2\bin\zip.dll
0x00007ffc17c60000 - 0x00007ffc17c70000 	D:\jdk-21.0.2\bin\net.dll
0x00007ffc23670000 - 0x00007ffc237a6000 	C:\WINDOWS\SYSTEM32\WINHTTP.dll
0x00007ffc2d210000 - 0x00007ffc2d279000 	C:\WINDOWS\system32\mswsock.dll
0x00007ffc17b90000 - 0x00007ffc17ba6000 	D:\jdk-21.0.2\bin\nio.dll
0x00007ffc17b70000 - 0x00007ffc17b8a000 	C:\Users\Os 10\AppData\Local\Programs\IntelliJ IDEA Community Edition\bin\breakgen64.dll
0x00007ffc17b60000 - 0x00007ffc17b69000 	D:\jdk-21.0.2\bin\extnet.dll

dbghelp: loaded successfully - version: 4.0.5 - missing functions: none
symbol engine: initialized successfully - sym options: 0x614 - pdb path: .;D:\jdk-21.0.2\bin;C:\WINDOWS\SYSTEM32;C:\WINDOWS\WinSxS\amd64_microsoft.windows.common-controls_6595b64144ccf1df_6.0.22621.4541_none_2710d1c57384c085;D:\jdk-21.0.2\bin\server;C:\Users\Os 10\AppData\Local\Programs\IntelliJ IDEA Community Edition\bin

VM Arguments:
jvm_args: -javaagent:C:\Users\Os 10\AppData\Local\Programs\IntelliJ IDEA Community Edition\lib\idea_rt.jar=58130:C:\Users\Os 10\AppData\Local\Programs\IntelliJ IDEA Community Edition\bin -Dfile.encoding=UTF-8 -Dsun.stdout.encoding=UTF-8 -Dsun.stderr.encoding=UTF-8 
java_command: ClassDiagram.Main
java_class_path (initial): D:\Joki\DiagramMaster\target\classes
Launcher Type: SUN_STANDARD

[Global flags]
     intx CICompilerCount                          = 4                                         {product} {ergonomic}
     uint ConcGCThreads                            = 2                                         {product} {ergonomic}
     uint G1ConcRefinementThreads                  = 8                                         {product} {ergonomic}
   size_t G1HeapRegionSize                         = 2097152                                   {product} {ergonomic}
    uintx GCDrainStackTargetSize                   = 64                                        {product} {ergonomic}
   size_t InitialHeapSize                          = 201326592                                 {product} {ergonomic}
   size_t MarkStackSize                            = 4194304                                   {product} {ergonomic}
   size_t MaxHeapSize                              = 3189768192                                {product} {ergonomic}
   size_t MaxNewSize                               = 1912602624                                {product} {ergonomic}
   size_t MinHeapDeltaBytes                        = 2097152                                   {product} {ergonomic}
   size_t MinHeapSize                              = 8388608                                   {product} {ergonomic}
    uintx NonNMethodCodeHeapSize                   = 5839372                                {pd product} {ergonomic}
    uintx NonProfiledCodeHeapSize                  = 122909434                              {pd product} {ergonomic}
    uintx ProfiledCodeHeapSize                     = 122909434                              {pd product} {ergonomic}
    uintx ReservedCodeCacheSize                    = 251658240                              {pd product} {ergonomic}
     bool SegmentedCodeCache                       = true                                      {product} {ergonomic}
   size_t SoftMaxHeapSize                          = 3189768192                             {manageable} {ergonomic}
     bool UseCompressedOops                        = true                           {product lp64_product} {ergonomic}
     bool UseG1GC                                  = true                                      {product} {ergonomic}
     bool UseLargePagesIndividualAllocation        = false                                  {pd product} {ergonomic}

Logging:
Log output configuration:
 #0: stdout all=warning uptime,level,tags foldmultilines=false
 #1: stderr all=off uptime,level,tags foldmultilines=false

Environment Variables:
JAVA_HOME=D:\jdk-22.0.1
PATH=D:\Scripts\;C:\Program Files (x86)\Common Files\Oracle\Java\javapath;C:\WINDOWS\system32;C:\WINDOWS;C:\WINDOWS\System32\Wbem;C:\WINDOWS\System32\WindowsPowerShell\v1.0\;C:\WINDOWS\System32\OpenSSH\;C:\xampp\php;C:\ProgramData\ComposerSetup\bin;C:\Program Files\dotnet\;D:\go\bin;C:\Users\Os 10\AppData\Roaming\npm;C:\Program Files\nodejs\;C:\Program Files\Microsoft SQL Server\150\Tools\Binn\;D:\gradle-7.6.4\bin;D:\jdk-22.0.1;D:\.\common;D:\;C:\Python27;C:\Program Files\Git\cmd;C:\Program Files\Docker\Docker\resources\bin;C:\Python27\Scripts;C:\Program Files\Microsoft SQL Server\Client SDK\ODBC\170\Tools\Binn\;D:\Downloads\platform-tools;D:\flutter\bin\cache\dart-sdk\bin;C:\Users\Os 10\AppData\Local\Pub\Cache\bin;C:\Users\Os 10\AppData\Roaming\npm;D:\xampp\php;D:\heroku\bin;C:\Users\Os 10\AppData\Local\Microsoft\WindowsApps;C:\Users\Os 10\go\bin;D:\Downloads\MinGW\bin;C:\Users\Os 10\AppData\Roaming\npm;C:\Users\Os 10\AppData\Local\JetBrains\Toolbox\scripts;C:\Python27;D:\jdk-22.0.1;C:\Users\Os 10\.dotnet\tools;D:\Microsoft VS Code\bin;D:\AMD\SDK\platform-tools;D:\AMD\SDK\cmdline-tools\latest\bin;D:\flutter\bin\cache\dart-sdk\bin;
USERNAME=Os 10
OS=Windows_NT
PROCESSOR_IDENTIFIER=Intel64 Family 6 Model 142 Stepping 12, GenuineIntel
TMP=C:\Users\OS10~1\AppData\Local\Temp
TEMP=C:\Users\OS10~1\AppData\Local\Temp




Periodic native trim disabled

---------------  S Y S T E M  ---------------

OS:
 Windows 11 , 64 bit Build 22621 (10.0.22621.4391)
OS uptime: 0 days 7:05 hours
Hyper-V role detected

CPU: total 8 (initial active 8) (4 cores per cpu, 2 threads per core) family 6 model 142 stepping 12 microcode 0xf8, cx8, cmov, fxsr, ht, mmx, 3dnowpref, sse, sse2, sse3, ssse3, sse4.1, sse4.2, popcnt, lzcnt, tsc, tscinvbit, avx, avx2, aes, erms, clmul, bmi1, bmi2, adx, fma, vzeroupper, clflush, clflushopt, hv, rdtscp, f16c
Processor Information for processor 0
  Max Mhz: 1800, Current Mhz: 1500, Mhz Limit: 1584
Processor Information for processor 1
  Max Mhz: 1800, Current Mhz: 1500, Mhz Limit: 1584
Processor Information for processor 2
  Max Mhz: 1800, Current Mhz: 1500, Mhz Limit: 1584
Processor Information for processor 3
  Max Mhz: 1800, Current Mhz: 1600, Mhz Limit: 1584
Processor Information for processor 4
  Max Mhz: 1800, Current Mhz: 1500, Mhz Limit: 1584
Processor Information for processor 5
  Max Mhz: 1800, Current Mhz: 1500, Mhz Limit: 1584
Processor Information for processor 6
  Max Mhz: 1800, Current Mhz: 1600, Mhz Limit: 1584
Processor Information for processor 7
  Max Mhz: 1800, Current Mhz: 1500, Mhz Limit: 1584

Memory: 4k page, system-wide physical 12163M (1781M free)
TotalPageFile size 15677M (AvailPageFile size 0M)
current process WorkingSet (physical memory assigned to process): 40M, peak: 40M
current process commit charge ("private bytes"): 276M, peak: 276M

vm_info: Java HotSpot(TM) 64-Bit Server VM (21.0.2+13-LTS-58) for windows-amd64 JRE (21.0.2+13-LTS-58), built on 2024-01-05T18:32:24Z by "mach5one" with MS VC++ 17.1 (VS2022)

END.
